[main] 2021-08-19 18:59:37 INFO  com.app.Main  - ========================
[main] 2021-08-19 18:59:37 INFO  com.app.Main  - 
MAIN MENU
[main] 2021-08-19 18:59:37 INFO  com.app.Main  - 1)Login as customer
[main] 2021-08-19 18:59:37 INFO  com.app.Main  - 2)Register as new Customer
[main] 2021-08-19 18:59:37 INFO  com.app.Main  - 3)Login as employee
[main] 2021-08-19 18:59:37 INFO  com.app.Main  - 4)Exit
[main] 2021-08-19 18:59:37 INFO  com.app.Main  - Enter Your Choice(1-4)
[main] 2021-08-19 18:59:42 INFO  com.app.Main  - 

Welcome to SHOPPING SPOT Customer Registration
[main] 2021-08-19 18:59:42 INFO  com.app.Main  - 2. Enter your First Name:
[main] 2021-08-19 18:59:53 INFO  com.app.Main  - 3. Enter your Last Name: 
[main] 2021-08-19 19:00:08 INFO  com.app.Main  - 1. Enter your email:
[main] 2021-08-19 19:00:32 INFO  com.app.Main  - 4. Enter your Password to create password:
[main] 2021-08-19 19:00:42 INFO  com.app.Main  - 
MAIN MENU
[main] 2021-08-19 19:00:42 INFO  com.app.Main  - 1)Login as customer
[main] 2021-08-19 19:00:42 INFO  com.app.Main  - 2)Register as new Customer
[main] 2021-08-19 19:00:42 INFO  com.app.Main  - 3)Login as employee
[main] 2021-08-19 19:00:42 INFO  com.app.Main  - 4)Exit
[main] 2021-08-19 19:00:42 INFO  com.app.Main  - Enter Your Choice(1-4)
[main] 2021-08-19 19:00:55 INFO  com.app.Main  - You Are Exited From Our Application
[main] 2021-08-19 19:42:42 INFO  com.app.Main  - welcome to SHOPPING SPOT
[main] 2021-08-19 19:42:42 INFO  com.app.Main  - ========================
[main] 2021-08-19 19:42:42 INFO  com.app.Main  - 
MAIN MENU
[main] 2021-08-19 19:42:42 INFO  com.app.Main  - 1)Login as customer
[main] 2021-08-19 19:42:42 INFO  com.app.Main  - 2)Register as new Customer
[main] 2021-08-19 19:42:42 INFO  com.app.Main  - 3)Login as employee
[main] 2021-08-19 19:42:42 INFO  com.app.Main  - 4)Exit
[main] 2021-08-19 19:42:42 INFO  com.app.Main  - Enter Your Choice(1-4)
[main] 2021-08-19 19:42:48 INFO  com.app.Main  - 

Welcome to SHOPPING SPOT Customer Registration
[main] 2021-08-19 19:42:48 INFO  com.app.Main  - 2. Enter your First Name:
[main] 2021-08-19 19:42:57 INFO  com.app.Main  - 3. Enter your Last Name: 
[main] 2021-08-19 19:43:00 INFO  com.app.Main  - 1. Enter your email:
[main] 2021-08-19 19:43:08 INFO  com.app.Main  - 4. Enter your Password to create password:
[main] 2021-08-19 19:43:17 INFO  com.app.Main  - welcome to SHOPPING SPOT
[main] 2021-08-19 19:43:17 INFO  com.app.Main  - ========================
[main] 2021-08-19 19:43:17 INFO  com.app.Main  - 
MAIN MENU
[main] 2021-08-19 19:43:17 INFO  com.app.Main  - 1)Login as customer
[main] 2021-08-19 19:43:17 INFO  com.app.Main  - 2)Register as new Customer
[main] 2021-08-19 19:43:17 INFO  com.app.Main  - 3)Login as employee
[main] 2021-08-19 19:43:17 INFO  com.app.Main  - 4)Exit
[main] 2021-08-19 19:43:17 INFO  com.app.Main  - Enter Your Choice(1-4)
[main] 2021-08-19 19:43:19 INFO  com.app.Main  - 

Welcome to SHOPPING SPOT Customer Registration
[main] 2021-08-19 19:43:19 INFO  com.app.Main  - 2. Enter your First Name:
[main] 2021-08-19 19:43:22 INFO  com.app.Main  - 3. Enter your Last Name: 
[main] 2021-08-19 19:43:26 INFO  com.app.Main  - 1. Enter your email:
[main] 2021-08-19 19:43:32 INFO  com.app.Main  - 4. Enter your Password to create password:
[main] 2021-08-19 19:43:41 INFO  com.app.Main  - 
MAIN MENU
[main] 2021-08-19 19:43:41 INFO  com.app.Main  - 1)Login as customer
[main] 2021-08-19 19:43:41 INFO  com.app.Main  - 2)Register as new Customer
[main] 2021-08-19 19:43:41 INFO  com.app.Main  - 3)Login as employee
[main] 2021-08-19 19:43:41 INFO  com.app.Main  - 4)Exit
[main] 2021-08-19 19:43:41 INFO  com.app.Main  - Enter Your Choice(1-4)
[main] 2021-08-19 19:47:56 INFO  com.app.Main  - welcome to SHOPPING SPOT
[main] 2021-08-19 19:47:56 INFO  com.app.Main  - ========================
[main] 2021-08-19 19:47:56 INFO  com.app.Main  - 
MAIN MENU
[main] 2021-08-19 19:47:56 INFO  com.app.Main  - 1)Login as customer
[main] 2021-08-19 19:47:56 INFO  com.app.Main  - 2)Register as new Customer
[main] 2021-08-19 19:47:56 INFO  com.app.Main  - 3)Login as employee
[main] 2021-08-19 19:47:56 INFO  com.app.Main  - 4)Exit
[main] 2021-08-19 19:47:56 INFO  com.app.Main  - Enter Your Choice(1-4)
[main] 2021-08-19 19:48:03 INFO  com.app.Main  - 

Welcome to SHOPPING SPOT Customer Registration
[main] 2021-08-19 19:48:03 INFO  com.app.Main  - 2. Enter your First Name:
[main] 2021-08-19 19:48:17 INFO  com.app.Main  - 3. Enter your Last Name: 
[main] 2021-08-19 19:48:24 INFO  com.app.Main  - 1. Enter your email:
[main] 2021-08-19 19:48:34 INFO  com.app.Main  - 4. Enter your Password to create password:
[main] 2021-08-19 19:48:42 INFO  com.app.Main  - 
MAIN MENU
[main] 2021-08-19 19:48:42 INFO  com.app.Main  - 1)Login as customer
[main] 2021-08-19 19:48:42 INFO  com.app.Main  - 2)Register as new Customer
[main] 2021-08-19 19:48:42 INFO  com.app.Main  - 3)Login as employee
[main] 2021-08-19 19:48:42 INFO  com.app.Main  - 4)Exit
[main] 2021-08-19 19:48:42 INFO  com.app.Main  - Enter Your Choice(1-4)
[main] 2021-08-19 19:50:12 INFO  com.app.Main  - welcome to SHOPPING SPOT
[main] 2021-08-19 19:50:12 INFO  com.app.Main  - ========================
[main] 2021-08-19 19:50:12 INFO  com.app.Main  - 
MAIN MENU
[main] 2021-08-19 19:50:12 INFO  com.app.Main  - 1)Login as customer
[main] 2021-08-19 19:50:12 INFO  com.app.Main  - 2)Register as new Customer
[main] 2021-08-19 19:50:12 INFO  com.app.Main  - 3)Login as employee
[main] 2021-08-19 19:50:12 INFO  com.app.Main  - 4)Exit
[main] 2021-08-19 19:50:12 INFO  com.app.Main  - Enter Your Choice(1-4)
[main] 2021-08-19 19:50:24 INFO  com.app.Main  - welcome to SHOPPING SPOT
[main] 2021-08-19 19:50:24 INFO  com.app.Main  - ========================
[main] 2021-08-19 19:50:24 INFO  com.app.Main  - 
MAIN MENU
[main] 2021-08-19 19:50:24 INFO  com.app.Main  - 1)Login as customer
[main] 2021-08-19 19:50:24 INFO  com.app.Main  - 2)Register as new Customer
[main] 2021-08-19 19:50:24 INFO  com.app.Main  - 3)Login as employee
[main] 2021-08-19 19:50:24 INFO  com.app.Main  - 4)Exit
[main] 2021-08-19 19:50:24 INFO  com.app.Main  - Enter Your Choice(1-4)
[main] 2021-08-19 19:50:26 INFO  com.app.Main  - 

Welcome to SHOPPING SPOT Customer Registration
[main] 2021-08-19 19:50:26 INFO  com.app.Main  - 2. Enter your First Name:
[main] 2021-08-19 19:50:41 INFO  com.app.Main  - 3. Enter your Last Name: 
[main] 2021-08-19 19:50:53 INFO  com.app.Main  - 1. Enter your email:
[main] 2021-08-19 19:51:03 INFO  com.app.Main  - 4. Enter your Password to create password:
[main] 2021-08-19 19:51:12 INFO  com.app.Main  - 
MAIN MENU
[main] 2021-08-19 19:51:12 INFO  com.app.Main  - 1)Login as customer
[main] 2021-08-19 19:51:12 INFO  com.app.Main  - 2)Register as new Customer
[main] 2021-08-19 19:51:12 INFO  com.app.Main  - 3)Login as employee
[main] 2021-08-19 19:51:12 INFO  com.app.Main  - 4)Exit
[main] 2021-08-19 19:51:12 INFO  com.app.Main  - Enter Your Choice(1-4)
[main] 2021-08-19 19:52:29 INFO  com.app.Main  - welcome to SHOPPING SPOT
[main] 2021-08-19 19:52:29 INFO  com.app.Main  - ========================
[main] 2021-08-19 19:52:29 INFO  com.app.Main  - 
MAIN MENU
[main] 2021-08-19 19:52:29 INFO  com.app.Main  - 1)Login as customer
[main] 2021-08-19 19:52:29 INFO  com.app.Main  - 2)Register as new Customer
[main] 2021-08-19 19:52:29 INFO  com.app.Main  - 3)Login as employee
[main] 2021-08-19 19:52:29 INFO  com.app.Main  - 4)Exit
[main] 2021-08-19 19:52:29 INFO  com.app.Main  - Enter Your Choice(1-4)
[main] 2021-08-19 19:52:34 INFO  com.app.Main  - 

Welcome to SHOPPING SPOT Customer Registration
[main] 2021-08-19 19:52:34 INFO  com.app.Main  - 2. Enter your First Name:
[main] 2021-08-19 19:52:40 INFO  com.app.Main  - 3. Enter your Last Name: 
[main] 2021-08-19 19:52:47 INFO  com.app.Main  - 1. Enter your email:
[main] 2021-08-19 19:53:07 INFO  com.app.Main  - 4. Enter your Password to create password:
[main] 2021-08-19 19:53:15 INFO  com.app.Main  - 
MAIN MENU
[main] 2021-08-19 19:53:15 INFO  com.app.Main  - 1)Login as customer
[main] 2021-08-19 19:53:15 INFO  com.app.Main  - 2)Register as new Customer
[main] 2021-08-19 19:53:15 INFO  com.app.Main  - 3)Login as employee
[main] 2021-08-19 19:53:15 INFO  com.app.Main  - 4)Exit
[main] 2021-08-19 19:53:15 INFO  com.app.Main  - Enter Your Choice(1-4)
[main] 2021-08-19 19:54:49 INFO  com.app.Main  - welcome to SHOPPING SPOT
[main] 2021-08-19 19:54:49 INFO  com.app.Main  - ========================
[main] 2021-08-19 19:54:49 INFO  com.app.Main  - 
MAIN MENU
[main] 2021-08-19 19:54:49 INFO  com.app.Main  - 1)Login as customer
[main] 2021-08-19 19:54:49 INFO  com.app.Main  - 2)Register as new Customer
[main] 2021-08-19 19:54:49 INFO  com.app.Main  - 3)Login as employee
[main] 2021-08-19 19:54:49 INFO  com.app.Main  - 4)Exit
[main] 2021-08-19 19:54:49 INFO  com.app.Main  - Enter Your Choice(1-4)
[main] 2021-08-19 19:54:53 INFO  com.app.Main  - 

Welcome to SHOPPING SPOT Customer Registration
[main] 2021-08-19 19:54:53 INFO  com.app.Main  - 2. Enter your First Name:
[main] 2021-08-19 19:55:03 INFO  com.app.Main  - 3. Enter your Last Name: 
[main] 2021-08-19 19:55:10 INFO  com.app.Main  - 1. Enter your email:
[main] 2021-08-19 19:55:19 INFO  com.app.Main  - 4. Enter your Password to create password:
[main] 2021-08-19 19:55:30 INFO  com.app.Main  - 
MAIN MENU
[main] 2021-08-19 19:55:30 INFO  com.app.Main  - 1)Login as customer
[main] 2021-08-19 19:55:30 INFO  com.app.Main  - 2)Register as new Customer
[main] 2021-08-19 19:55:30 INFO  com.app.Main  - 3)Login as employee
[main] 2021-08-19 19:55:30 INFO  com.app.Main  - 4)Exit
[main] 2021-08-19 19:55:30 INFO  com.app.Main  - Enter Your Choice(1-4)
[main] 2021-08-19 20:05:32 INFO  com.app.Main  - welcome to SHOPPING SPOT
[main] 2021-08-19 20:05:32 INFO  com.app.Main  - ========================
[main] 2021-08-19 20:05:32 INFO  com.app.Main  - 
MAIN MENU
[main] 2021-08-19 20:05:32 INFO  com.app.Main  - 1)Login as customer
[main] 2021-08-19 20:05:32 INFO  com.app.Main  - 2)Register as new Customer
[main] 2021-08-19 20:05:32 INFO  com.app.Main  - 3)Login as employee
[main] 2021-08-19 20:05:32 INFO  com.app.Main  - 4)Exit
[main] 2021-08-19 20:05:32 INFO  com.app.Main  - Enter Your Choice(1-4)
[main] 2021-08-19 20:05:38 INFO  com.app.Main  - 

Welcome to SHOPPING SPOT Customer Registration
[main] 2021-08-19 20:05:38 INFO  com.app.Main  - 2. Enter your First Name:
[main] 2021-08-19 20:05:42 INFO  com.app.Main  - 3. Enter your Last Name: 
[main] 2021-08-19 20:05:45 INFO  com.app.Main  - 1. Enter your email:
[main] 2021-08-19 20:05:53 INFO  com.app.Main  - 4. Enter your Password to create password:
[main] 2021-08-19 20:06:00 INFO  com.app.Main  - 
MAIN MENU
[main] 2021-08-19 20:06:00 INFO  com.app.Main  - 1)Login as customer
[main] 2021-08-19 20:06:00 INFO  com.app.Main  - 2)Register as new Customer
[main] 2021-08-19 20:06:00 INFO  com.app.Main  - 3)Login as employee
[main] 2021-08-19 20:06:00 INFO  com.app.Main  - 4)Exit
[main] 2021-08-19 20:06:00 INFO  com.app.Main  - Enter Your Choice(1-4)
[main] 2021-08-19 20:09:07 INFO  com.app.Main  - welcome to SHOPPING SPOT
[main] 2021-08-19 20:09:07 INFO  com.app.Main  - ========================
[main] 2021-08-19 20:09:07 INFO  com.app.Main  - 
MAIN MENU
[main] 2021-08-19 20:09:07 INFO  com.app.Main  - 1)Login as customer
[main] 2021-08-19 20:09:07 INFO  com.app.Main  - 2)Register as new Customer
[main] 2021-08-19 20:09:07 INFO  com.app.Main  - 3)Login as employee
[main] 2021-08-19 20:09:07 INFO  com.app.Main  - 4)Exit
[main] 2021-08-19 20:09:07 INFO  com.app.Main  - Enter Your Choice(1-4)
[main] 2021-08-19 20:09:15 INFO  com.app.Main  - 

Welcome to SHOPPING SPOT Customer Registration
[main] 2021-08-19 20:09:15 INFO  com.app.Main  - 2. Enter your First Name:
[main] 2021-08-19 20:09:36 INFO  com.app.Main  - welcome to SHOPPING SPOT
[main] 2021-08-19 20:09:36 INFO  com.app.Main  - ========================
[main] 2021-08-19 20:09:36 INFO  com.app.Main  - 
MAIN MENU
[main] 2021-08-19 20:09:36 INFO  com.app.Main  - 1)Login as customer
[main] 2021-08-19 20:09:36 INFO  com.app.Main  - 2)Register as new Customer
[main] 2021-08-19 20:09:36 INFO  com.app.Main  - 3)Login as employee
[main] 2021-08-19 20:09:36 INFO  com.app.Main  - 4)Exit
[main] 2021-08-19 20:09:36 INFO  com.app.Main  - Enter Your Choice(1-4)
[main] 2021-08-19 20:09:39 INFO  com.app.Main  - -==============
[main] 2021-08-19 20:09:39 INFO  com.app.Main  - Enter  mail
[main] 2021-08-19 20:09:48 INFO  com.app.Main  - Enter paaww
[main] 2021-08-19 20:09:54 INFO  com.app.Main  - customer logged in successfully!!
[main] 2021-08-19 20:09:54 INFO  com.app.Main  - 
 Welcomesankar@gmail.com
[main] 2021-08-19 20:09:54 INFO  com.app.Main  - Press 1 to View profile
[main] 2021-08-19 20:09:54 INFO  com.app.Main  - press 2 view product
[main] 2021-08-19 20:09:54 INFO  com.app.Main  - press 3 to logout
[main] 2021-08-19 20:09:54 INFO  com.app.Main  - 
MAIN MENU
[main] 2021-08-19 20:09:54 INFO  com.app.Main  - 1)Login as customer
[main] 2021-08-19 20:09:54 INFO  com.app.Main  - 2)Register as new Customer
[main] 2021-08-19 20:09:54 INFO  com.app.Main  - 3)Login as employee
[main] 2021-08-19 20:09:54 INFO  com.app.Main  - 4)Exit
[main] 2021-08-19 20:09:54 INFO  com.app.Main  - Enter Your Choice(1-4)
[main] 2021-08-19 20:18:42 INFO  com.app.Main  - ========================
[main] 2021-08-19 20:18:42 INFO  com.app.Main  - welcome to SHOPPING SPOT
[main] 2021-08-19 20:18:42 INFO  com.app.Main  - ========================
[main] 2021-08-19 20:18:42 INFO  com.app.Main  - 
*****MAIN MENU******
[main] 2021-08-19 20:18:42 INFO  com.app.Main  - 1)Login as customer
[main] 2021-08-19 20:18:42 INFO  com.app.Main  - 2)Register as new Customer
[main] 2021-08-19 20:18:42 INFO  com.app.Main  - 3)Login as employee
[main] 2021-08-19 20:18:42 INFO  com.app.Main  - 4)Exit
[main] 2021-08-19 20:18:42 INFO  com.app.Main  - Enter Your Choice(1-4)
[main] 2021-08-19 20:19:04 INFO  com.app.Main  - ###   Welcome To Login   ###
[main] 2021-08-19 20:19:04 INFO  com.app.Main  - Enter your mail-->
[main] 2021-08-19 20:19:14 INFO  com.app.Main  - Enter your password-->
[main] 2021-08-19 20:19:20 INFO  com.app.Main  - You are logged in successfully!!
[main] 2021-08-19 20:19:20 INFO  com.app.Main  - 
 Welcomesankar@gmail.comto SHOPPING SPOT
[main] 2021-08-19 20:19:20 INFO  com.app.Main  - Press 1 to View profile
[main] 2021-08-19 20:19:20 INFO  com.app.Main  - press 2 view product
[main] 2021-08-19 20:19:20 INFO  com.app.Main  - press 3 to logout
[main] 2021-08-19 20:19:20 INFO  com.app.Main  - 
*****MAIN MENU******
[main] 2021-08-19 20:19:20 INFO  com.app.Main  - 1)Login as customer
[main] 2021-08-19 20:19:20 INFO  com.app.Main  - 2)Register as new Customer
[main] 2021-08-19 20:19:20 INFO  com.app.Main  - 3)Login as employee
[main] 2021-08-19 20:19:20 INFO  com.app.Main  - 4)Exit
[main] 2021-08-19 20:19:20 INFO  com.app.Main  - Enter Your Choice(1-4)
[main] 2021-08-19 20:20:42 INFO  com.app.Main  - ========================
[main] 2021-08-19 20:20:42 INFO  com.app.Main  - welcome to SHOPPING SPOT
[main] 2021-08-19 20:20:42 INFO  com.app.Main  - ========================
[main] 2021-08-19 20:20:42 INFO  com.app.Main  - 
*****MAIN MENU******
[main] 2021-08-19 20:20:42 INFO  com.app.Main  - 1)Login as customer
[main] 2021-08-19 20:20:42 INFO  com.app.Main  - 2)Register as new Customer
[main] 2021-08-19 20:20:42 INFO  com.app.Main  - 3)Login as employee
[main] 2021-08-19 20:20:42 INFO  com.app.Main  - 4)Exit
[main] 2021-08-19 20:20:42 INFO  com.app.Main  - Enter Your Choice(1-4)
[main] 2021-08-19 20:20:46 INFO  com.app.Main  - ###   Welcome To Login   ###
[main] 2021-08-19 20:20:46 INFO  com.app.Main  - Enter your mail-->
[main] 2021-08-19 20:23:20 INFO  com.app.Main  - ========================
[main] 2021-08-19 20:23:20 INFO  com.app.Main  - welcome to SHOPPING SPOT
[main] 2021-08-19 20:23:20 INFO  com.app.Main  - ========================
[main] 2021-08-19 20:23:20 INFO  com.app.Main  - 
*****MAIN MENU******
[main] 2021-08-19 20:23:20 INFO  com.app.Main  - 1)Login as customer
[main] 2021-08-19 20:23:20 INFO  com.app.Main  - 2)Register as new Customer
[main] 2021-08-19 20:23:20 INFO  com.app.Main  - 3)Login as employee
[main] 2021-08-19 20:23:20 INFO  com.app.Main  - 4)Exit
[main] 2021-08-19 20:23:20 INFO  com.app.Main  - Enter Your Choice(1-4)
[main] 2021-08-19 20:23:24 INFO  com.app.Main  - ###   Welcome To Login   ###
[main] 2021-08-19 20:23:24 INFO  com.app.Main  - Enter your mail-->
[main] 2021-08-19 20:23:32 INFO  com.app.Main  - Enter your password-->
[main] 2021-08-19 20:23:42 INFO  com.app.Main  - You are logged in successfully!!
[main] 2021-08-19 20:23:42 INFO  com.app.Main  - 
 Welcome sankar@gmail.com to SHOPPING SPOT
[main] 2021-08-19 20:23:42 INFO  com.app.Main  - Press 1 to View profile
[main] 2021-08-19 20:23:42 INFO  com.app.Main  - press 2 view product
[main] 2021-08-19 20:23:42 INFO  com.app.Main  - press 3 to logout
[main] 2021-08-19 20:23:42 INFO  com.app.Main  - 
*****MAIN MENU******
[main] 2021-08-19 20:23:42 INFO  com.app.Main  - 1)Login as customer
[main] 2021-08-19 20:23:42 INFO  com.app.Main  - 2)Register as new Customer
[main] 2021-08-19 20:23:42 INFO  com.app.Main  - 3)Login as employee
[main] 2021-08-19 20:23:42 INFO  com.app.Main  - 4)Exit
[main] 2021-08-19 20:23:42 INFO  com.app.Main  - Enter Your Choice(1-4)
[main] 2021-08-19 20:49:24 INFO  com.app.Main  - ========================
[main] 2021-08-19 20:49:24 INFO  com.app.Main  - welcome to SHOPPING SPOT
[main] 2021-08-19 20:49:24 INFO  com.app.Main  - ========================
[main] 2021-08-19 20:49:24 INFO  com.app.Main  - 
*****MAIN MENU******
[main] 2021-08-19 20:49:24 INFO  com.app.Main  - 1)Login as customer
[main] 2021-08-19 20:49:24 INFO  com.app.Main  - 2)Register as new Customer
[main] 2021-08-19 20:49:24 INFO  com.app.Main  - 3)Login as employee
[main] 2021-08-19 20:49:24 INFO  com.app.Main  - 4)Exit
[main] 2021-08-19 20:49:24 INFO  com.app.Main  - Enter Your Choice(1-4)
[main] 2021-08-19 20:49:31 INFO  com.app.Main  - ###   Welcome To Customer Login   ###
[main] 2021-08-19 20:49:31 INFO  com.app.Main  - Enter your mail-->
[main] 2021-08-19 20:49:45 INFO  com.app.Main  - Enter your password-->
[main] 2021-08-19 20:49:52 INFO  com.app.Main  - You are logged in successfully!!
[main] 2021-08-19 20:49:52 INFO  com.app.Main  - 
 Welcome sankar@gmail.com to SHOPPING SPOT
[main] 2021-08-19 20:49:52 INFO  com.app.Main  - Press 1 to View profile
[main] 2021-08-19 20:49:52 INFO  com.app.Main  - press 2 view product
[main] 2021-08-19 20:49:52 INFO  com.app.Main  - press 3 to logout
[main] 2021-08-19 20:49:52 INFO  com.app.Main  - 
*****MAIN MENU******
[main] 2021-08-19 20:49:52 INFO  com.app.Main  - 1)Login as customer
[main] 2021-08-19 20:49:52 INFO  com.app.Main  - 2)Register as new Customer
[main] 2021-08-19 20:49:52 INFO  com.app.Main  - 3)Login as employee
[main] 2021-08-19 20:49:52 INFO  com.app.Main  - 4)Exit
[main] 2021-08-19 20:49:52 INFO  com.app.Main  - Enter Your Choice(1-4)
[main] 2021-08-19 20:50:09 INFO  com.app.Main  - ========================
[main] 2021-08-19 20:50:09 INFO  com.app.Main  - welcome to SHOPPING SPOT
[main] 2021-08-19 20:50:09 INFO  com.app.Main  - ========================
[main] 2021-08-19 20:50:09 INFO  com.app.Main  - 
*****MAIN MENU******
[main] 2021-08-19 20:50:09 INFO  com.app.Main  - 1)Login as customer
[main] 2021-08-19 20:50:09 INFO  com.app.Main  - 2)Register as new Customer
[main] 2021-08-19 20:50:09 INFO  com.app.Main  - 3)Login as employee
[main] 2021-08-19 20:50:09 INFO  com.app.Main  - 4)Exit
[main] 2021-08-19 20:50:09 INFO  com.app.Main  - Enter Your Choice(1-4)
[main] 2021-08-19 20:50:13 INFO  com.app.Main  - Welcome to Employee Login 
[main] 2021-08-19 20:50:13 INFO  com.app.Main  - Enter your Email
[main] 2021-08-19 20:50:30 INFO  com.app.Main  - Enter your password
[main] 2021-08-19 20:50:47 INFO  com.app.Main  - Employee loggedin successfully
[main] 2021-08-19 20:50:47 INFO  com.app.Main  - 
*****MAIN MENU******
[main] 2021-08-19 20:50:47 INFO  com.app.Main  - 1)Login as customer
[main] 2021-08-19 20:50:47 INFO  com.app.Main  - 2)Register as new Customer
[main] 2021-08-19 20:50:47 INFO  com.app.Main  - 3)Login as employee
[main] 2021-08-19 20:50:47 INFO  com.app.Main  - 4)Exit
[main] 2021-08-19 20:50:47 INFO  com.app.Main  - Enter Your Choice(1-4)
[main] 2021-08-19 20:52:08 INFO  com.app.Main  - You Are Exited From Our Application
[main] 2021-08-19 20:52:36 INFO  com.app.Main  - ========================
[main] 2021-08-19 20:52:36 INFO  com.app.Main  - welcome to SHOPPING SPOT
[main] 2021-08-19 20:52:36 INFO  com.app.Main  - ========================
[main] 2021-08-19 20:52:36 INFO  com.app.Main  - 
*****MAIN MENU******
[main] 2021-08-19 20:52:36 INFO  com.app.Main  - 1)Login as customer
[main] 2021-08-19 20:52:36 INFO  com.app.Main  - 2)Register as new Customer
[main] 2021-08-19 20:52:36 INFO  com.app.Main  - 3)Login as employee
[main] 2021-08-19 20:52:36 INFO  com.app.Main  - 4)Exit
[main] 2021-08-19 20:52:36 INFO  com.app.Main  - Enter Your Choice(1-4)
[main] 2021-08-19 20:52:39 WARN  com.app.Main  - Invalid choice....Choice should be only number betwwen 1-4 only
[main] 2021-08-19 20:52:39 INFO  com.app.Main  - 
*****MAIN MENU******
[main] 2021-08-19 20:52:39 INFO  com.app.Main  - 1)Login as customer
[main] 2021-08-19 20:52:39 INFO  com.app.Main  - 2)Register as new Customer
[main] 2021-08-19 20:52:39 INFO  com.app.Main  - 3)Login as employee
[main] 2021-08-19 20:52:39 INFO  com.app.Main  - 4)Exit
[main] 2021-08-19 20:52:39 INFO  com.app.Main  - Enter Your Choice(1-4)
[main] 2021-08-19 20:52:58 INFO  com.app.Main  - ========================
[main] 2021-08-19 20:52:58 INFO  com.app.Main  - welcome to SHOPPING SPOT
[main] 2021-08-19 20:52:58 INFO  com.app.Main  - ========================
[main] 2021-08-19 20:52:58 INFO  com.app.Main  - 
*****MAIN MENU******
[main] 2021-08-19 20:52:58 INFO  com.app.Main  - 1)Login as customer
[main] 2021-08-19 20:52:58 INFO  com.app.Main  - 2)Register as new Customer
[main] 2021-08-19 20:52:58 INFO  com.app.Main  - 3)Login as employee
[main] 2021-08-19 20:52:58 INFO  com.app.Main  - 4)Exit
[main] 2021-08-19 20:52:58 INFO  com.app.Main  - Enter Your Choice(1-4)
[main] 2021-08-19 20:53:04 INFO  com.app.Main  - ###   Welcome To Customer Login   ###
[main] 2021-08-19 20:53:04 INFO  com.app.Main  - Enter your mail-->
[main] 2021-08-19 20:53:11 INFO  com.app.Main  - Enter your password-->
[main] 2021-08-19 20:53:20 INFO  com.app.Main  - You are logged in successfully!!
[main] 2021-08-19 20:53:20 INFO  com.app.Main  - 
 Welcome sankar@gmail.com to SHOPPING SPOT
[main] 2021-08-19 20:53:20 INFO  com.app.Main  - Press 1 to View profile
[main] 2021-08-19 20:53:20 INFO  com.app.Main  - press 2 view product
[main] 2021-08-19 20:53:20 INFO  com.app.Main  - press 3 to logout
[main] 2021-08-19 20:53:20 INFO  com.app.Main  - 
*****MAIN MENU******
[main] 2021-08-19 20:53:20 INFO  com.app.Main  - 1)Login as customer
[main] 2021-08-19 20:53:20 INFO  com.app.Main  - 2)Register as new Customer
[main] 2021-08-19 20:53:20 INFO  com.app.Main  - 3)Login as employee
[main] 2021-08-19 20:53:20 INFO  com.app.Main  - 4)Exit
[main] 2021-08-19 20:53:20 INFO  com.app.Main  - Enter Your Choice(1-4)
[main] 2021-08-19 21:43:40 INFO  com.app.Main  - ========================
[main] 2021-08-19 21:43:40 INFO  com.app.Main  - welcome to SHOPPING SPOT
[main] 2021-08-19 21:43:40 INFO  com.app.Main  - ========================
[main] 2021-08-19 21:43:40 INFO  com.app.Main  - 
*****MAIN MENU******
[main] 2021-08-19 21:43:40 INFO  com.app.Main  - 1)Login as customer
[main] 2021-08-19 21:43:40 INFO  com.app.Main  - 2)Register as new Customer
[main] 2021-08-19 21:43:40 INFO  com.app.Main  - 3)Login as employee
[main] 2021-08-19 21:43:40 INFO  com.app.Main  - 4)Exit
[main] 2021-08-19 21:43:40 INFO  com.app.Main  - Enter Your Choice(1-4)
[main] 2021-08-19 21:43:56 INFO  com.app.Main  - ###   Welcome To Customer Login   ###
[main] 2021-08-19 21:43:56 INFO  com.app.Main  - Enter your mail-->
[main] 2021-08-19 21:44:04 INFO  com.app.Main  - Enter your password-->
[main] 2021-08-19 21:44:10 INFO  com.app.Main  - You are logged in successfully!!
[main] 2021-08-19 21:44:10 INFO  com.app.Main  - 
 Welcome sankar@gmail.com to SHOPPING SPOT
[main] 2021-08-19 21:44:10 INFO  com.app.Main  - 1)Search Products
[main] 2021-08-19 21:44:10 INFO  com.app.Main  - 2)View Order
[main] 2021-08-19 21:44:10 INFO  com.app.Main  - 3)to logout
[main] 2021-08-19 21:44:10 INFO  com.app.Main  - Enter Your Choice(1-3)
[main] 2021-08-19 21:45:42 INFO  com.app.Main  - ========================
[main] 2021-08-19 21:45:42 INFO  com.app.Main  - welcome to SHOPPING SPOT
[main] 2021-08-19 21:45:42 INFO  com.app.Main  - ========================
[main] 2021-08-19 21:45:42 INFO  com.app.Main  - 
*****MAIN MENU******
[main] 2021-08-19 21:45:42 INFO  com.app.Main  - 1)Login as customer
[main] 2021-08-19 21:45:42 INFO  com.app.Main  - 2)Register as new Customer
[main] 2021-08-19 21:45:42 INFO  com.app.Main  - 3)Login as employee
[main] 2021-08-19 21:45:42 INFO  com.app.Main  - 4)Exit
[main] 2021-08-19 21:45:42 INFO  com.app.Main  - Enter Your Choice(1-4)
[main] 2021-08-19 21:45:49 INFO  com.app.Main  - 

Welcome to SHOPPING SPOT Customer Registration
[main] 2021-08-19 21:45:49 INFO  com.app.Main  - 2. Enter your First Name:
[main] 2021-08-19 21:45:55 INFO  com.app.Main  - 3. Enter your Last Name: 
[main] 2021-08-19 21:45:57 INFO  com.app.Main  - 1. Enter your email:
[main] 2021-08-19 21:46:10 INFO  com.app.Main  - 4. Enter your Password to create password:
[main] 2021-08-19 21:46:16 INFO  com.app.Main  - Customer Registered Successfully2
[main] 2021-08-19 21:46:16 INFO  com.app.Main  - 
*****MAIN MENU******
[main] 2021-08-19 21:46:16 INFO  com.app.Main  - 1)Login as customer
[main] 2021-08-19 21:46:16 INFO  com.app.Main  - 2)Register as new Customer
[main] 2021-08-19 21:46:16 INFO  com.app.Main  - 3)Login as employee
[main] 2021-08-19 21:46:16 INFO  com.app.Main  - 4)Exit
[main] 2021-08-19 21:46:16 INFO  com.app.Main  - Enter Your Choice(1-4)
[main] 2021-08-19 21:46:39 INFO  com.app.Main  - ###   Welcome To Customer Login   ###
[main] 2021-08-19 21:46:39 INFO  com.app.Main  - Enter your mail-->
[main] 2021-08-19 21:46:46 INFO  com.app.Main  - Enter your password-->
[main] 2021-08-19 21:46:51 INFO  com.app.Main  - You are logged in successfully!!
[main] 2021-08-19 21:46:51 INFO  com.app.Main  - 
 Welcome sankar@gmail.com to SHOPPING SPOT
[main] 2021-08-19 21:46:51 INFO  com.app.Main  - 1)Search Products
[main] 2021-08-19 21:46:51 INFO  com.app.Main  - 2)View Order
[main] 2021-08-19 21:46:51 INFO  com.app.Main  - 3)to logout
[main] 2021-08-19 21:46:51 INFO  com.app.Main  - Enter Your Choice(1-3)
[main] 2021-08-19 21:47:49 WARN  com.app.Main  - Invalid choice....Choice should be only number betwwen 1-3 only
[main] 2021-08-19 21:47:49 INFO  com.app.Main  - 1)Search Products
[main] 2021-08-19 21:47:49 INFO  com.app.Main  - 2)View Order
[main] 2021-08-19 21:47:49 INFO  com.app.Main  - 3)to logout
[main] 2021-08-19 21:47:49 INFO  com.app.Main  - Enter Your Choice(1-3)
[main] 2021-08-19 21:47:55 INFO  com.app.Main  - You Are Logged Out From SHOPPING SPOT
[main] 2021-08-19 21:47:55 INFO  com.app.Main  - 
*****MAIN MENU******
[main] 2021-08-19 21:47:55 INFO  com.app.Main  - 1)Login as customer
[main] 2021-08-19 21:47:55 INFO  com.app.Main  - 2)Register as new Customer
[main] 2021-08-19 21:47:55 INFO  com.app.Main  - 3)Login as employee
[main] 2021-08-19 21:47:55 INFO  com.app.Main  - 4)Exit
[main] 2021-08-19 21:47:55 INFO  com.app.Main  - Enter Your Choice(1-4)
[main] 2021-08-19 21:50:26 INFO  com.app.Main  - ========================
[main] 2021-08-19 21:50:26 INFO  com.app.Main  - welcome to SHOPPING SPOT
[main] 2021-08-19 21:50:26 INFO  com.app.Main  - ========================
[main] 2021-08-19 21:50:26 INFO  com.app.Main  - 
*****MAIN MENU******
[main] 2021-08-19 21:50:26 INFO  com.app.Main  - 1)Login as customer
[main] 2021-08-19 21:50:26 INFO  com.app.Main  - 2)Register as new Customer
[main] 2021-08-19 21:50:26 INFO  com.app.Main  - 3)Login as employee
[main] 2021-08-19 21:50:26 INFO  com.app.Main  - 4)Exit
[main] 2021-08-19 21:50:26 INFO  com.app.Main  - Enter Your Choice(1-4)
[main] 2021-08-19 21:50:31 INFO  com.app.Main  - Welcome to Employee Login 
[main] 2021-08-19 21:50:31 INFO  com.app.Main  - Enter your Email
[main] 2021-08-19 21:50:49 INFO  com.app.Main  - Enter your password
[main] 2021-08-19 21:51:45 INFO  com.app.Main  - Employee loggedin successfully
[main] 2021-08-19 21:51:45 INFO  com.app.Main  - 
*****MAIN MENU******
[main] 2021-08-19 21:51:45 INFO  com.app.Main  - 1)Login as customer
[main] 2021-08-19 21:51:45 INFO  com.app.Main  - 2)Register as new Customer
[main] 2021-08-19 21:51:45 INFO  com.app.Main  - 3)Login as employee
[main] 2021-08-19 21:51:45 INFO  com.app.Main  - 4)Exit
[main] 2021-08-19 21:51:45 INFO  com.app.Main  - Enter Your Choice(1-4)
[main] 2021-08-19 22:46:10 INFO  com.app.Main  -     ============================
[main] 2021-08-19 22:46:10 INFO  com.app.Main  - ****||welcome to SHOPPING SPOT||****
[main] 2021-08-19 22:46:10 INFO  com.app.Main  -     ============================
[main] 2021-08-19 22:46:10 INFO  com.app.Main  - 
*****MAIN MENU******
[main] 2021-08-19 22:46:10 INFO  com.app.Main  - 1)Login as customer
[main] 2021-08-19 22:46:10 INFO  com.app.Main  - 2)Register as new Customer
[main] 2021-08-19 22:46:10 INFO  com.app.Main  - 3)Login as employee
[main] 2021-08-19 22:46:10 INFO  com.app.Main  - 4)Exit
[main] 2021-08-19 22:46:10 INFO  com.app.Main  - Enter Your Choice(1-4)
[main] 2021-08-19 23:10:05 INFO  com.app.Main  -     ============================
[main] 2021-08-19 23:10:05 INFO  com.app.Main  - ****||welcome to SHOPPING SPOT||****
[main] 2021-08-19 23:10:05 INFO  com.app.Main  -     ============================
[main] 2021-08-19 23:10:05 INFO  com.app.Main  - 
*****MAIN MENU******
[main] 2021-08-19 23:10:05 INFO  com.app.Main  - 1)Login as customer
[main] 2021-08-19 23:10:05 INFO  com.app.Main  - 2)Register as new Customer
[main] 2021-08-19 23:10:05 INFO  com.app.Main  - 3)Login as employee
[main] 2021-08-19 23:10:05 INFO  com.app.Main  - 4)Exit
[main] 2021-08-19 23:10:05 INFO  com.app.Main  - Enter Your Choice(1-4)
[main] 2021-08-19 23:11:52 INFO  com.app.Main  -     ============================
[main] 2021-08-19 23:11:52 INFO  com.app.Main  - ****||welcome to SHOPPING SPOT||****
[main] 2021-08-19 23:11:52 INFO  com.app.Main  -     ============================
[main] 2021-08-19 23:11:52 INFO  com.app.Main  - 
*****MAIN MENU******
[main] 2021-08-19 23:11:52 INFO  com.app.Main  - 1)Login as customer
[main] 2021-08-19 23:11:52 INFO  com.app.Main  - 2)Register as new Customer
[main] 2021-08-19 23:11:52 INFO  com.app.Main  - 3)Login as employee
[main] 2021-08-19 23:11:52 INFO  com.app.Main  - 4)Exit
[main] 2021-08-19 23:11:52 INFO  com.app.Main  - Enter Your Choice(1-4)
[main] 2021-08-19 23:12:01 INFO  com.app.Main  - ###   Welcome To Customer Login   ###
[main] 2021-08-19 23:12:01 INFO  com.app.Main  - Enter your mail-->
[main] 2021-08-19 23:12:08 INFO  com.app.Main  - Enter your password-->
[main] 2021-08-19 23:12:15 INFO  com.app.Main  - You are logged in successfully!!
[main] 2021-08-19 23:12:15 INFO  com.app.Main  - 
 Welcome sankar@gmail.com to SHOPPING SPOT
[main] 2021-08-19 23:12:15 INFO  com.app.Main  - 1)Search Products
[main] 2021-08-19 23:12:15 INFO  com.app.Main  - 2)View Order
[main] 2021-08-19 23:12:15 INFO  com.app.Main  - 3)to logout
[main] 2021-08-19 23:12:15 INFO  com.app.Main  - Enter Your Choice(1-3)
[main] 2021-08-19 23:12:22 INFO  com.app.Main  - Welcome to product search  (Choose below filter to search with)
[main] 2021-08-19 23:12:22 INFO  com.app.Main  - 1)Search By Produt Name
[main] 2021-08-19 23:12:22 INFO  com.app.Main  - 2)Search By Produt Catagory
[main] 2021-08-19 23:12:22 INFO  com.app.Main  - More options
[main] 2021-08-19 23:12:22 INFO  com.app.Main  - 3)View Cart
[main] 2021-08-19 23:12:22 INFO  com.app.Main  - 4)Logout
[main] 2021-08-19 23:12:22 INFO  com.app.Main  - Enter Your Choice(1-4):
[main] 2021-08-19 23:12:33 INFO  com.app.Main  - You are logged out
[main] 2021-08-19 23:12:33 INFO  com.app.Main  - 1)Search Products
[main] 2021-08-19 23:12:33 INFO  com.app.Main  - 2)View Order
[main] 2021-08-19 23:12:33 INFO  com.app.Main  - 3)to logout
[main] 2021-08-19 23:12:33 INFO  com.app.Main  - Enter Your Choice(1-3)
[main] 2021-08-19 23:14:29 INFO  com.app.Main  -     ============================
[main] 2021-08-19 23:14:29 INFO  com.app.Main  - ****||welcome to SHOPPING SPOT||****
[main] 2021-08-19 23:14:29 INFO  com.app.Main  -     ============================
[main] 2021-08-19 23:14:29 INFO  com.app.Main  - 
*****MAIN MENU******
[main] 2021-08-19 23:14:29 INFO  com.app.Main  - 1)Login as customer
[main] 2021-08-19 23:14:29 INFO  com.app.Main  - 2)Register as new Customer
[main] 2021-08-19 23:14:29 INFO  com.app.Main  - 3)Login as employee
[main] 2021-08-19 23:14:29 INFO  com.app.Main  - 4)Exit
[main] 2021-08-19 23:14:29 INFO  com.app.Main  - Enter Your Choice(1-4)
[main] 2021-08-19 23:14:35 INFO  com.app.Main  - ###   Welcome To Customer Login   ###
[main] 2021-08-19 23:14:35 INFO  com.app.Main  - Enter your mail-->
[main] 2021-08-19 23:14:44 INFO  com.app.Main  - Enter your password-->
[main] 2021-08-19 23:14:50 INFO  com.app.Main  - You are logged in successfully!!
[main] 2021-08-19 23:14:50 INFO  com.app.Main  - 
 Welcome sankar@gmail.com to SHOPPING SPOT
[main] 2021-08-19 23:14:50 INFO  com.app.Main  - 1)Search Products
[main] 2021-08-19 23:14:50 INFO  com.app.Main  - 2)View Order
[main] 2021-08-19 23:14:50 INFO  com.app.Main  - 3)to logout
[main] 2021-08-19 23:14:50 INFO  com.app.Main  - Enter Your Choice(1-3)
[main] 2021-08-19 23:15:40 INFO  com.app.Main  -     ============================
[main] 2021-08-19 23:15:40 INFO  com.app.Main  - ****||welcome to SHOPPING SPOT||****
[main] 2021-08-19 23:15:40 INFO  com.app.Main  -     ============================
[main] 2021-08-19 23:15:40 INFO  com.app.Main  - 
*****MAIN MENU******
[main] 2021-08-19 23:15:40 INFO  com.app.Main  - 1)Login as customer
[main] 2021-08-19 23:15:40 INFO  com.app.Main  - 2)Register as new Customer
[main] 2021-08-19 23:15:40 INFO  com.app.Main  - 3)Login as employee
[main] 2021-08-19 23:15:40 INFO  com.app.Main  - 4)Exit
[main] 2021-08-19 23:15:40 INFO  com.app.Main  - Enter Your Choice(1-4)
[main] 2021-08-19 23:15:42 INFO  com.app.Main  - ###   Welcome To Customer Login   ###
[main] 2021-08-19 23:15:42 INFO  com.app.Main  - Enter your mail-->
[main] 2021-08-19 23:15:48 INFO  com.app.Main  - Enter your password-->
[main] 2021-08-19 23:15:54 INFO  com.app.Main  - You are logged in successfully!!
[main] 2021-08-19 23:15:54 INFO  com.app.Main  - Welcome sankar@gmail.com to SHOPPING SPOT
[main] 2021-08-19 23:15:54 INFO  com.app.Main  - 1)Search Products
[main] 2021-08-19 23:15:54 INFO  com.app.Main  - 2)View Order
[main] 2021-08-19 23:15:54 INFO  com.app.Main  - 3)to logout
[main] 2021-08-19 23:15:54 INFO  com.app.Main  - Enter Your Choice(1-3)
[main] 2021-08-19 23:16:01 INFO  com.app.Main  - Welcome to product search  (Choose below filter to search with)
[main] 2021-08-19 23:16:01 INFO  com.app.Main  - 1)Search By Produt Name
[main] 2021-08-19 23:16:01 INFO  com.app.Main  - 2)Search By Produt Catagory
[main] 2021-08-19 23:16:01 INFO  com.app.Main  - More options
[main] 2021-08-19 23:16:01 INFO  com.app.Main  - 3)View Cart
[main] 2021-08-19 23:16:01 INFO  com.app.Main  - Enter Your Choice(1-4):
[main] 2021-08-19 23:16:09 INFO  com.app.Main  - Under Construction
[main] 2021-08-19 23:16:09 INFO  com.app.Main  - 1)Search By Produt Name
[main] 2021-08-19 23:16:09 INFO  com.app.Main  - 2)Search By Produt Catagory
[main] 2021-08-19 23:16:09 INFO  com.app.Main  - More options
[main] 2021-08-19 23:16:09 INFO  com.app.Main  - 3)View Cart
[main] 2021-08-19 23:16:09 INFO  com.app.Main  - Enter Your Choice(1-4):
[main] 2021-08-20 01:23:28 INFO  com.app.Main  -     ============================
[main] 2021-08-20 01:23:28 INFO  com.app.Main  - ****||welcome to SHOPPING SPOT||****
[main] 2021-08-20 01:23:28 INFO  com.app.Main  -     ============================
[main] 2021-08-20 01:23:28 INFO  com.app.Main  - 
*****MAIN MENU******
[main] 2021-08-20 01:23:28 INFO  com.app.Main  - 1)Login as customer
[main] 2021-08-20 01:23:28 INFO  com.app.Main  - 2)Register as new Customer
[main] 2021-08-20 01:23:28 INFO  com.app.Main  - 3)Login as employee
[main] 2021-08-20 01:23:28 INFO  com.app.Main  - 4)Exit
[main] 2021-08-20 01:23:28 INFO  com.app.Main  - Enter Your Choice(1-4)
[main] 2021-08-20 01:23:37 INFO  com.app.Main  - ###   Welcome To Customer Login   ###
[main] 2021-08-20 01:23:37 INFO  com.app.Main  - Enter your mail-->
[main] 2021-08-20 01:24:36 INFO  com.app.Main  - Enter your password-->
[main] 2021-08-20 01:24:42 INFO  com.app.Main  - You are logged in successfully!!
[main] 2021-08-20 01:24:42 INFO  com.app.Main  - Welcome sankar@gmail.com to SHOPPING SPOT
[main] 2021-08-20 01:24:42 INFO  com.app.Main  - 1)Search Products
[main] 2021-08-20 01:24:42 INFO  com.app.Main  - 2)View Order
[main] 2021-08-20 01:24:42 INFO  com.app.Main  - 3)to logout
[main] 2021-08-20 01:24:42 INFO  com.app.Main  - Enter Your Choice(1-3)
[main] 2021-08-20 01:24:49 INFO  com.app.Main  - Welcome to product search  (Choose below filter to search with)
[main] 2021-08-20 01:24:49 INFO  com.app.Main  - 1)Search By Produt Name
[main] 2021-08-20 01:24:49 INFO  com.app.Main  - 2)Search By Produt Catagory
[main] 2021-08-20 01:24:49 INFO  com.app.Main  - More options
[main] 2021-08-20 01:24:49 INFO  com.app.Main  - 3)View Cart
[main] 2021-08-20 01:24:49 INFO  com.app.Main  - Enter Your Choice(1-3):
[main] 2021-08-20 01:24:54 INFO  com.app.Main  - Enter Product Name to get product details
[main] 2021-08-20 01:25:12 WARN  com.app.Main  - No Products available for product SamsungTV
[main] 2021-08-20 01:25:12 INFO  com.app.Main  - 1)Search By Produt Name
[main] 2021-08-20 01:25:12 INFO  com.app.Main  - 2)Search By Produt Catagory
[main] 2021-08-20 01:25:12 INFO  com.app.Main  - More options
[main] 2021-08-20 01:25:12 INFO  com.app.Main  - 3)View Cart
[main] 2021-08-20 01:25:12 INFO  com.app.Main  - Enter Your Choice(1-3):
[main] 2021-08-20 01:28:56 INFO  com.app.Main  -     ============================
[main] 2021-08-20 01:28:56 INFO  com.app.Main  - ****||welcome to SHOPPING SPOT||****
[main] 2021-08-20 01:28:56 INFO  com.app.Main  -     ============================
[main] 2021-08-20 01:28:56 INFO  com.app.Main  - 
*****MAIN MENU******
[main] 2021-08-20 01:28:56 INFO  com.app.Main  - 1)Login as customer
[main] 2021-08-20 01:28:56 INFO  com.app.Main  - 2)Register as new Customer
[main] 2021-08-20 01:28:56 INFO  com.app.Main  - 3)Login as employee
[main] 2021-08-20 01:28:56 INFO  com.app.Main  - 4)Exit
[main] 2021-08-20 01:28:56 INFO  com.app.Main  - Enter Your Choice(1-4)
[main] 2021-08-20 01:29:04 INFO  com.app.Main  - ###   Welcome To Customer Login   ###
[main] 2021-08-20 01:29:04 INFO  com.app.Main  - Enter your mail-->
[main] 2021-08-20 01:29:17 INFO  com.app.Main  - Enter your password-->
[main] 2021-08-20 01:29:23 INFO  com.app.Main  - You are logged in successfully!!
[main] 2021-08-20 01:29:23 INFO  com.app.Main  - Welcome sankar@gmail.com to SHOPPING SPOT
[main] 2021-08-20 01:29:23 INFO  com.app.Main  - 1)Search Products
[main] 2021-08-20 01:29:23 INFO  com.app.Main  - 2)View Order
[main] 2021-08-20 01:29:23 INFO  com.app.Main  - 3)to logout
[main] 2021-08-20 01:29:23 INFO  com.app.Main  - Enter Your Choice(1-3)
[main] 2021-08-20 01:29:34 INFO  com.app.Main  - Welcome to product search  (Choose below filter to search with)
[main] 2021-08-20 01:29:34 INFO  com.app.Main  - 1)Search By Produt Name
[main] 2021-08-20 01:29:34 INFO  com.app.Main  - 2)Search By Produt Catagory
[main] 2021-08-20 01:29:34 INFO  com.app.Main  - More options
[main] 2021-08-20 01:29:34 INFO  com.app.Main  - 3)View Cart
[main] 2021-08-20 01:29:34 INFO  com.app.Main  - Enter Your Choice(1-3):
[main] 2021-08-20 01:29:51 INFO  com.app.Main  - Enter Product Name to get product details
[main] 2021-08-20 01:30:06 INFO  com.app.Main  - Total there are 1 number of products available for the product SAMSUNGTV printing the products
[main] 2021-08-20 01:30:06 INFO  com.app.Main  - 
[main] 2021-08-20 01:30:06 INFO  com.app.Main  - 1)Search By Produt Name
[main] 2021-08-20 01:30:06 INFO  com.app.Main  - 2)Search By Produt Catagory
[main] 2021-08-20 01:30:06 INFO  com.app.Main  - More options
[main] 2021-08-20 01:30:06 INFO  com.app.Main  - 3)View Cart
[main] 2021-08-20 01:30:06 INFO  com.app.Main  - Enter Your Choice(1-3):
[main] 2021-08-20 01:32:54 INFO  com.app.Main  -     ============================
[main] 2021-08-20 01:32:54 INFO  com.app.Main  - ****||welcome to SHOPPING SPOT||****
[main] 2021-08-20 01:32:54 INFO  com.app.Main  -     ============================
[main] 2021-08-20 01:32:54 INFO  com.app.Main  - 
*****MAIN MENU******
[main] 2021-08-20 01:32:54 INFO  com.app.Main  - 1)Login as customer
[main] 2021-08-20 01:32:54 INFO  com.app.Main  - 2)Register as new Customer
[main] 2021-08-20 01:32:54 INFO  com.app.Main  - 3)Login as employee
[main] 2021-08-20 01:32:54 INFO  com.app.Main  - 4)Exit
[main] 2021-08-20 01:32:54 INFO  com.app.Main  - Enter Your Choice(1-4)
[main] 2021-08-20 01:33:06 INFO  com.app.Main  - ###   Welcome To Customer Login   ###
[main] 2021-08-20 01:33:06 INFO  com.app.Main  - Enter your mail-->
[main] 2021-08-20 01:33:14 INFO  com.app.Main  - Enter your password-->
[main] 2021-08-20 01:33:24 INFO  com.app.Main  - You are logged in successfully!!
[main] 2021-08-20 01:33:24 INFO  com.app.Main  - Welcome sankar@gmail.com to SHOPPING SPOT
[main] 2021-08-20 01:33:24 INFO  com.app.Main  - 1)Search Products
[main] 2021-08-20 01:33:24 INFO  com.app.Main  - 2)View Order
[main] 2021-08-20 01:33:24 INFO  com.app.Main  - 3)to logout
[main] 2021-08-20 01:33:24 INFO  com.app.Main  - Enter Your Choice(1-3)
[main] 2021-08-20 01:33:27 INFO  com.app.Main  - Welcome to product search  (Choose below filter to search with)
[main] 2021-08-20 01:33:27 INFO  com.app.Main  - 1)Search By Produt Name
[main] 2021-08-20 01:33:27 INFO  com.app.Main  - 2)Search By Produt Catagory
[main] 2021-08-20 01:33:27 INFO  com.app.Main  - More options
[main] 2021-08-20 01:33:27 INFO  com.app.Main  - 3)View Cart
[main] 2021-08-20 01:33:27 INFO  com.app.Main  - Enter Your Choice(1-3):
[main] 2021-08-20 01:33:30 INFO  com.app.Main  - Enter Product Name to get product details
[main] 2021-08-20 01:33:40 INFO  com.app.Main  - Total there are 1 number of products available for the product SAMSUNGTV printing the products
[main] 2021-08-20 01:33:40 INFO  com.app.Main  - 
[main] 2021-08-20 01:33:40 INFO  com.app.Main  - 1)Search By Produt Name
[main] 2021-08-20 01:33:40 INFO  com.app.Main  - 2)Search By Produt Catagory
[main] 2021-08-20 01:33:40 INFO  com.app.Main  - More options
[main] 2021-08-20 01:33:40 INFO  com.app.Main  - 3)View Cart
[main] 2021-08-20 01:33:40 INFO  com.app.Main  - Enter Your Choice(1-3):
[main] 2021-08-20 01:36:17 INFO  com.app.Main  -     ============================
[main] 2021-08-20 01:36:17 INFO  com.app.Main  - ****||welcome to SHOPPING SPOT||****
[main] 2021-08-20 01:36:17 INFO  com.app.Main  -     ============================
[main] 2021-08-20 01:36:17 INFO  com.app.Main  - 
*****MAIN MENU******
[main] 2021-08-20 01:36:17 INFO  com.app.Main  - 1)Login as customer
[main] 2021-08-20 01:36:17 INFO  com.app.Main  - 2)Register as new Customer
[main] 2021-08-20 01:36:17 INFO  com.app.Main  - 3)Login as employee
[main] 2021-08-20 01:36:17 INFO  com.app.Main  - 4)Exit
[main] 2021-08-20 01:36:17 INFO  com.app.Main  - Enter Your Choice(1-4)
[main] 2021-08-20 01:36:23 INFO  com.app.Main  - ###   Welcome To Customer Login   ###
[main] 2021-08-20 01:36:23 INFO  com.app.Main  - Enter your mail-->
[main] 2021-08-20 01:36:33 INFO  com.app.Main  - Enter your password-->
[main] 2021-08-20 01:36:39 INFO  com.app.Main  - You are logged in successfully!!
[main] 2021-08-20 01:36:39 INFO  com.app.Main  - Welcome sankar@gmail.com to SHOPPING SPOT
[main] 2021-08-20 01:36:39 INFO  com.app.Main  - 1)Search Products
[main] 2021-08-20 01:36:39 INFO  com.app.Main  - 2)View Order
[main] 2021-08-20 01:36:39 INFO  com.app.Main  - 3)to logout
[main] 2021-08-20 01:36:39 INFO  com.app.Main  - Enter Your Choice(1-3)
[main] 2021-08-20 01:36:42 INFO  com.app.Main  - Welcome to product search  (Choose below filter to search with)
[main] 2021-08-20 01:36:42 INFO  com.app.Main  - 1)Search By Produt Name
[main] 2021-08-20 01:36:42 INFO  com.app.Main  - 2)Search By Produt Catagory
[main] 2021-08-20 01:36:42 INFO  com.app.Main  - More options
[main] 2021-08-20 01:36:42 INFO  com.app.Main  - 3)View Cart
[main] 2021-08-20 01:36:42 INFO  com.app.Main  - Enter Your Choice(1-3):
[main] 2021-08-20 01:36:45 INFO  com.app.Main  - Enter Product Name to get product details
[main] 2021-08-20 01:36:55 INFO  com.app.Main  - Total there are 1 number of products available for the product SAMSUNGTV printing the products
[main] 2021-08-20 01:36:55 INFO  com.app.Main  - 1)Search By Produt Name
[main] 2021-08-20 01:36:55 INFO  com.app.Main  - 2)Search By Produt Catagory
[main] 2021-08-20 01:36:55 INFO  com.app.Main  - More options
[main] 2021-08-20 01:36:55 INFO  com.app.Main  - 3)View Cart
[main] 2021-08-20 01:36:55 INFO  com.app.Main  - Enter Your Choice(1-3):
[main] 2021-08-20 01:41:27 INFO  com.app.Main  -     ============================
[main] 2021-08-20 01:41:27 INFO  com.app.Main  - ****||welcome to SHOPPING SPOT||****
[main] 2021-08-20 01:41:27 INFO  com.app.Main  -     ============================
[main] 2021-08-20 01:41:27 INFO  com.app.Main  - 
*****MAIN MENU******
[main] 2021-08-20 01:41:27 INFO  com.app.Main  - 1)Login as customer
[main] 2021-08-20 01:41:27 INFO  com.app.Main  - 2)Register as new Customer
[main] 2021-08-20 01:41:27 INFO  com.app.Main  - 3)Login as employee
[main] 2021-08-20 01:41:27 INFO  com.app.Main  - 4)Exit
[main] 2021-08-20 01:41:27 INFO  com.app.Main  - Enter Your Choice(1-4)
[main] 2021-08-20 01:42:43 INFO  com.app.Main  -     ============================
[main] 2021-08-20 01:42:43 INFO  com.app.Main  - ****||welcome to SHOPPING SPOT||****
[main] 2021-08-20 01:42:43 INFO  com.app.Main  -     ============================
[main] 2021-08-20 01:42:43 INFO  com.app.Main  - 
*****MAIN MENU******
[main] 2021-08-20 01:42:43 INFO  com.app.Main  - 1)Login as customer
[main] 2021-08-20 01:42:43 INFO  com.app.Main  - 2)Register as new Customer
[main] 2021-08-20 01:42:43 INFO  com.app.Main  - 3)Login as employee
[main] 2021-08-20 01:42:43 INFO  com.app.Main  - 4)Exit
[main] 2021-08-20 01:42:43 INFO  com.app.Main  - Enter Your Choice(1-4)
[main] 2021-08-20 01:42:53 INFO  com.app.Main  - ###   Welcome To Customer Login   ###
[main] 2021-08-20 01:42:53 INFO  com.app.Main  - Enter your mail-->
[main] 2021-08-20 01:43:02 INFO  com.app.Main  - Enter your password-->
[main] 2021-08-20 01:43:11 INFO  com.app.Main  - You are logged in successfully!!
[main] 2021-08-20 01:43:11 INFO  com.app.Main  - Welcome sankar@gmail.com to SHOPPING SPOT
[main] 2021-08-20 01:43:11 INFO  com.app.Main  - 1)Search Products
[main] 2021-08-20 01:43:11 INFO  com.app.Main  - 2)View Order
[main] 2021-08-20 01:43:11 INFO  com.app.Main  - 3)to logout
[main] 2021-08-20 01:43:11 INFO  com.app.Main  - Enter Your Choice(1-3)
[main] 2021-08-20 01:43:15 INFO  com.app.Main  - Welcome to product search  (Choose below filter to search with)
[main] 2021-08-20 01:43:15 INFO  com.app.Main  - 1)Search By Produt Name
[main] 2021-08-20 01:43:15 INFO  com.app.Main  - 2)Search By Produt Catagory
[main] 2021-08-20 01:43:15 INFO  com.app.Main  - More options
[main] 2021-08-20 01:43:15 INFO  com.app.Main  - 3)View Cart
[main] 2021-08-20 01:43:15 INFO  com.app.Main  - Enter Your Choice(1-3):
[main] 2021-08-20 01:43:18 INFO  com.app.Main  - Enter Product Name to get product details
[main] 2021-08-20 01:43:27 INFO  com.app.Main  - Total there are 1 number of products available for the product PHILIPSTV printing the products
[main] 2021-08-20 01:43:27 INFO  com.app.Main  - 1)Search By Produt Name
[main] 2021-08-20 01:43:27 INFO  com.app.Main  - 2)Search By Produt Catagory
[main] 2021-08-20 01:43:27 INFO  com.app.Main  - More options
[main] 2021-08-20 01:43:27 INFO  com.app.Main  - 3)View Cart
[main] 2021-08-20 01:43:27 INFO  com.app.Main  - Enter Your Choice(1-3):
[main] 2021-08-20 01:48:23 INFO  com.app.Main  -     ============================
[main] 2021-08-20 01:48:23 INFO  com.app.Main  - ****||welcome to SHOPPING SPOT||****
[main] 2021-08-20 01:48:23 INFO  com.app.Main  -     ============================
[main] 2021-08-20 01:48:23 INFO  com.app.Main  - 
*****MAIN MENU******
[main] 2021-08-20 01:48:23 INFO  com.app.Main  - 1)Login as customer
[main] 2021-08-20 01:48:23 INFO  com.app.Main  - 2)Register as new Customer
[main] 2021-08-20 01:48:23 INFO  com.app.Main  - 3)Login as employee
[main] 2021-08-20 01:48:23 INFO  com.app.Main  - 4)Exit
[main] 2021-08-20 01:48:23 INFO  com.app.Main  - Enter Your Choice(1-4)
[main] 2021-08-20 01:48:36 INFO  com.app.Main  - ###   Welcome To Customer Login   ###
[main] 2021-08-20 01:48:36 INFO  com.app.Main  - Enter your mail-->
[main] 2021-08-20 01:48:47 INFO  com.app.Main  - Enter your password-->
[main] 2021-08-20 01:48:55 INFO  com.app.Main  - You are logged in successfully!!
[main] 2021-08-20 01:48:55 INFO  com.app.Main  - Welcome sankar@gmail.com to SHOPPING SPOT
[main] 2021-08-20 01:48:55 INFO  com.app.Main  - 1)Search Products
[main] 2021-08-20 01:48:55 INFO  com.app.Main  - 2)View Order
[main] 2021-08-20 01:48:55 INFO  com.app.Main  - 3)to logout
[main] 2021-08-20 01:48:55 INFO  com.app.Main  - Enter Your Choice(1-3)
[main] 2021-08-20 01:49:03 INFO  com.app.Main  - Welcome to product search  (Choose below filter to search with)
[main] 2021-08-20 01:49:03 INFO  com.app.Main  - 1)Search By Produt Name
[main] 2021-08-20 01:49:03 INFO  com.app.Main  - 2)Search By Produt Catagory
[main] 2021-08-20 01:49:03 INFO  com.app.Main  - More options
[main] 2021-08-20 01:49:03 INFO  com.app.Main  - 3)View Cart
[main] 2021-08-20 01:49:03 INFO  com.app.Main  - Enter Your Choice(1-3):
[main] 2021-08-20 01:49:09 INFO  com.app.Main  - Enter Product Name to get product details
[main] 2021-08-20 01:49:15 INFO  com.app.Main  - Total there are 1 number of products available for the product PHILIPSTV printing the products
[main] 2021-08-20 01:49:15 INFO  com.app.Main  - 1)Search By Produt Name
[main] 2021-08-20 01:49:15 INFO  com.app.Main  - 2)Search By Produt Catagory
[main] 2021-08-20 01:49:15 INFO  com.app.Main  - More options
[main] 2021-08-20 01:49:15 INFO  com.app.Main  - 3)View Cart
[main] 2021-08-20 01:49:15 INFO  com.app.Main  - Enter Your Choice(1-3):
[main] 2021-08-20 01:49:35 INFO  com.app.Main  - Under Construction
[main] 2021-08-20 01:49:35 INFO  com.app.Main  - 1)Search By Produt Name
[main] 2021-08-20 01:49:35 INFO  com.app.Main  - 2)Search By Produt Catagory
[main] 2021-08-20 01:49:35 INFO  com.app.Main  - More options
[main] 2021-08-20 01:49:35 INFO  com.app.Main  - 3)View Cart
[main] 2021-08-20 01:49:35 INFO  com.app.Main  - Enter Your Choice(1-3):
[main] 2021-08-20 01:49:40 INFO  com.app.Main  - Under Construction
[main] 2021-08-20 01:49:40 INFO  com.app.Main  - 1)Search Products
[main] 2021-08-20 01:49:40 INFO  com.app.Main  - 2)View Order
[main] 2021-08-20 01:49:40 INFO  com.app.Main  - 3)to logout
[main] 2021-08-20 01:49:40 INFO  com.app.Main  - Enter Your Choice(1-3)
[main] 2021-08-20 02:33:02 INFO  com.app.Main  -     ============================
[main] 2021-08-20 02:33:02 INFO  com.app.Main  - ****||welcome to SHOPPING SPOT||****
[main] 2021-08-20 02:33:02 INFO  com.app.Main  -     ============================
[main] 2021-08-20 02:33:02 INFO  com.app.Main  - 
*****MAIN MENU******
[main] 2021-08-20 02:33:02 INFO  com.app.Main  - 1)Login as customer
[main] 2021-08-20 02:33:02 INFO  com.app.Main  - 2)Register as new Customer
[main] 2021-08-20 02:33:02 INFO  com.app.Main  - 3)Login as employee
[main] 2021-08-20 02:33:02 INFO  com.app.Main  - 4)Exit
[main] 2021-08-20 02:33:02 INFO  com.app.Main  - Enter Your Choice(1-4)
[main] 2021-08-20 02:33:27 INFO  com.app.Main  - Welcome to Employee Login 
[main] 2021-08-20 02:33:27 INFO  com.app.Main  - Enter your Email
[main] 2021-08-20 02:33:53 INFO  com.app.Main  - Enter your password
[main] 2021-08-20 02:33:59 INFO  com.app.Main  - Employee loggedin successfully
[main] 2021-08-20 02:33:59 INFO  com.app.Main  - You are logged in successfully psantanu@gmail.com
[main] 2021-08-20 02:33:59 INFO  com.app.Main  - Welcome to Employee Portal of SHOPPING SPOT
[main] 2021-08-20 02:33:59 INFO  com.app.Main  - 1)Add a new Product
[main] 2021-08-20 02:33:59 INFO  com.app.Main  - 2)Search a Customer
[main] 2021-08-20 02:33:59 INFO  com.app.Main  - 3)Logout
[main] 2021-08-20 02:33:59 INFO  com.app.Main  - Enter Your Choice(1-4)
[main] 2021-08-20 02:34:07 INFO  com.app.Main  - Enter Product Details to Add a New Product
[main] 2021-08-20 02:34:07 INFO  com.app.Main  - 2. Enter Product Name:
[main] 2021-08-20 02:34:27 INFO  com.app.Main  - 3. Enter Product Catagory: 
[main] 2021-08-20 02:34:30 INFO  com.app.Main  - 1. Enter Product Price:
[main] 2021-08-20 02:34:39 INFO  com.app.Main  - Product added Successfully
[main] 2021-08-20 02:34:39 INFO  com.app.Main  - 1)Add a new Product
[main] 2021-08-20 02:34:39 INFO  com.app.Main  - 2)Search a Customer
[main] 2021-08-20 02:34:39 INFO  com.app.Main  - 3)Logout
[main] 2021-08-20 02:34:39 INFO  com.app.Main  - Enter Your Choice(1-4)
[main] 2021-08-20 03:56:05 INFO  com.app.Main  -     ============================
[main] 2021-08-20 03:56:05 INFO  com.app.Main  - ****||welcome to SHOPPING SPOT||****
[main] 2021-08-20 03:56:05 INFO  com.app.Main  -     ============================
[main] 2021-08-20 03:56:05 INFO  com.app.Main  - 
*****MAIN MENU******
[main] 2021-08-20 03:56:05 INFO  com.app.Main  - 1)Login as customer
[main] 2021-08-20 03:56:05 INFO  com.app.Main  - 2)Register as new Customer
[main] 2021-08-20 03:56:05 INFO  com.app.Main  - 3)Login as employee
[main] 2021-08-20 03:56:05 INFO  com.app.Main  - 4)Exit
[main] 2021-08-20 03:56:05 INFO  com.app.Main  - Enter Your Choice(1-4)
[main] 2021-08-20 03:56:08 INFO  com.app.Main  - ###   Welcome To Customer Login   ###
[main] 2021-08-20 03:56:08 INFO  com.app.Main  - Enter your mail-->
[main] 2021-08-20 03:56:18 INFO  com.app.Main  - Enter your password-->
[main] 2021-08-20 03:56:26 INFO  com.app.Main  - You are logged in successfully!!
[main] 2021-08-20 03:56:26 INFO  com.app.Main  - Welcome sankar@gmail.com to SHOPPING SPOT
[main] 2021-08-20 03:56:26 INFO  com.app.Main  - 1)Search Products
[main] 2021-08-20 03:56:26 INFO  com.app.Main  - 2)View Order
[main] 2021-08-20 03:56:26 INFO  com.app.Main  - 3)to logout
[main] 2021-08-20 03:56:26 INFO  com.app.Main  - Enter Your Choice(1-3)
[main] 2021-08-20 03:56:33 INFO  com.app.Main  - Welcome to product search  (Choose below filter to search with)
[main] 2021-08-20 03:56:33 INFO  com.app.Main  - 1)Search By Produt Name
[main] 2021-08-20 03:56:33 INFO  com.app.Main  - 2)Search By Produt Catagory
[main] 2021-08-20 03:56:33 INFO  com.app.Main  - More options
[main] 2021-08-20 03:56:33 INFO  com.app.Main  - 3)View Cart
[main] 2021-08-20 03:56:33 INFO  com.app.Main  - Enter Your Choice(1-3):
[main] 2021-08-20 03:56:38 INFO  com.app.Main  - Enter Product Catagory to get product details
[main] 2021-08-20 03:56:47 WARN  com.app.Main  - No Products available for product TV
[main] 2021-08-20 03:56:47 INFO  com.app.Main  - 1)Search By Produt Name
[main] 2021-08-20 03:56:47 INFO  com.app.Main  - 2)Search By Produt Catagory
[main] 2021-08-20 03:56:47 INFO  com.app.Main  - More options
[main] 2021-08-20 03:56:47 INFO  com.app.Main  - 3)View Cart
[main] 2021-08-20 03:56:47 INFO  com.app.Main  - Enter Your Choice(1-3):
[main] 2021-08-20 03:58:07 INFO  com.app.Main  -     ============================
[main] 2021-08-20 03:58:07 INFO  com.app.Main  - ****||welcome to SHOPPING SPOT||****
[main] 2021-08-20 03:58:07 INFO  com.app.Main  -     ============================
[main] 2021-08-20 03:58:07 INFO  com.app.Main  - 
*****MAIN MENU******
[main] 2021-08-20 03:58:07 INFO  com.app.Main  - 1)Login as customer
[main] 2021-08-20 03:58:07 INFO  com.app.Main  - 2)Register as new Customer
[main] 2021-08-20 03:58:07 INFO  com.app.Main  - 3)Login as employee
[main] 2021-08-20 03:58:07 INFO  com.app.Main  - 4)Exit
[main] 2021-08-20 03:58:07 INFO  com.app.Main  - Enter Your Choice(1-4)
[main] 2021-08-20 03:58:12 INFO  com.app.Main  - ###   Welcome To Customer Login   ###
[main] 2021-08-20 03:58:12 INFO  com.app.Main  - Enter your mail-->
[main] 2021-08-20 03:58:19 INFO  com.app.Main  - Enter your password-->
[main] 2021-08-20 03:58:24 INFO  com.app.Main  - You are logged in successfully!!
[main] 2021-08-20 03:58:24 INFO  com.app.Main  - Welcome sankar@gmail.com to SHOPPING SPOT
[main] 2021-08-20 03:58:24 INFO  com.app.Main  - 1)Search Products
[main] 2021-08-20 03:58:24 INFO  com.app.Main  - 2)View Order
[main] 2021-08-20 03:58:24 INFO  com.app.Main  - 3)to logout
[main] 2021-08-20 03:58:24 INFO  com.app.Main  - Enter Your Choice(1-3)
[main] 2021-08-20 03:58:29 INFO  com.app.Main  - Welcome to product search  (Choose below filter to search with)
[main] 2021-08-20 03:58:29 INFO  com.app.Main  - 1)Search By Produt Name
[main] 2021-08-20 03:58:29 INFO  com.app.Main  - 2)Search By Produt Catagory
[main] 2021-08-20 03:58:29 INFO  com.app.Main  - More options
[main] 2021-08-20 03:58:29 INFO  com.app.Main  - 3)View Cart
[main] 2021-08-20 03:58:29 INFO  com.app.Main  - Enter Your Choice(1-3):
[main] 2021-08-20 03:59:04 INFO  com.app.Main  - Enter Product Name to get product details
[main] 2021-08-20 03:59:11 WARN  com.app.Main  - No Products available for product TV
[main] 2021-08-20 03:59:11 INFO  com.app.Main  - 1)Search By Produt Name
[main] 2021-08-20 03:59:11 INFO  com.app.Main  - 2)Search By Produt Catagory
[main] 2021-08-20 03:59:11 INFO  com.app.Main  - More options
[main] 2021-08-20 03:59:11 INFO  com.app.Main  - 3)View Cart
[main] 2021-08-20 03:59:11 INFO  com.app.Main  - Enter Your Choice(1-3):
[main] 2021-08-20 04:00:28 INFO  com.app.Main  -     ============================
[main] 2021-08-20 04:00:28 INFO  com.app.Main  - ****||welcome to SHOPPING SPOT||****
[main] 2021-08-20 04:00:28 INFO  com.app.Main  -     ============================
[main] 2021-08-20 04:00:28 INFO  com.app.Main  - 
*****MAIN MENU******
[main] 2021-08-20 04:00:28 INFO  com.app.Main  - 1)Login as customer
[main] 2021-08-20 04:00:28 INFO  com.app.Main  - 2)Register as new Customer
[main] 2021-08-20 04:00:28 INFO  com.app.Main  - 3)Login as employee
[main] 2021-08-20 04:00:28 INFO  com.app.Main  - 4)Exit
[main] 2021-08-20 04:00:28 INFO  com.app.Main  - Enter Your Choice(1-4)
[main] 2021-08-20 04:00:35 INFO  com.app.Main  - ###   Welcome To Customer Login   ###
[main] 2021-08-20 04:00:35 INFO  com.app.Main  - Enter your mail-->
[main] 2021-08-20 04:00:42 INFO  com.app.Main  - Enter your password-->
[main] 2021-08-20 04:01:01 INFO  com.app.Main  - You are logged in successfully!!
[main] 2021-08-20 04:01:01 INFO  com.app.Main  - Welcome sankar@gmail.com to SHOPPING SPOT
[main] 2021-08-20 04:01:01 INFO  com.app.Main  - 1)Search Products
[main] 2021-08-20 04:01:01 INFO  com.app.Main  - 2)View Order
[main] 2021-08-20 04:01:01 INFO  com.app.Main  - 3)to logout
[main] 2021-08-20 04:01:01 INFO  com.app.Main  - Enter Your Choice(1-3)
[main] 2021-08-20 04:01:05 INFO  com.app.Main  - Welcome to product search  (Choose below filter to search with)
[main] 2021-08-20 04:01:05 INFO  com.app.Main  - 1)Search By Produt Name
[main] 2021-08-20 04:01:05 INFO  com.app.Main  - 2)Search By Prodcut Catagory
[main] 2021-08-20 04:01:05 INFO  com.app.Main  - More options
[main] 2021-08-20 04:01:05 INFO  com.app.Main  - 3)View Cart
[main] 2021-08-20 04:01:05 INFO  com.app.Main  - Enter Your Choice(1-3):
[main] 2021-08-20 04:01:13 INFO  com.app.Main  - Enter Product Name to get product details
[main] 2021-08-20 04:01:27 WARN  com.app.Main  - No Products available for product eratg
[main] 2021-08-20 04:01:27 INFO  com.app.Main  - 1)Search By Produt Name
[main] 2021-08-20 04:01:27 INFO  com.app.Main  - 2)Search By Prodcut Catagory
[main] 2021-08-20 04:01:27 INFO  com.app.Main  - More options
[main] 2021-08-20 04:01:27 INFO  com.app.Main  - 3)View Cart
[main] 2021-08-20 04:01:27 INFO  com.app.Main  - Enter Your Choice(1-3):
[main] 2021-08-20 04:01:31 INFO  com.app.Main  - Enter Product Catagory to get product details
[main] 2021-08-20 04:01:38 WARN  com.app.Main  - No Products available for product TV
[main] 2021-08-20 04:01:38 INFO  com.app.Main  - 1)Search By Produt Name
[main] 2021-08-20 04:01:38 INFO  com.app.Main  - 2)Search By Prodcut Catagory
[main] 2021-08-20 04:01:38 INFO  com.app.Main  - More options
[main] 2021-08-20 04:01:38 INFO  com.app.Main  - 3)View Cart
[main] 2021-08-20 04:01:38 INFO  com.app.Main  - Enter Your Choice(1-3):
[main] 2021-08-20 09:16:38 INFO  com.app.Main  -     ============================
[main] 2021-08-20 09:16:38 INFO  com.app.Main  - ****||welcome to SHOPPING SPOT||****
[main] 2021-08-20 09:16:38 INFO  com.app.Main  -     ============================
[main] 2021-08-20 09:16:38 INFO  com.app.Main  - 
*****MAIN MENU******
[main] 2021-08-20 09:16:38 INFO  com.app.Main  - 1)Login as customer
[main] 2021-08-20 09:16:38 INFO  com.app.Main  - 2)Register as new Customer
[main] 2021-08-20 09:16:38 INFO  com.app.Main  - 3)Login as employee
[main] 2021-08-20 09:16:38 INFO  com.app.Main  - 4)Exit
[main] 2021-08-20 09:16:38 INFO  com.app.Main  - Enter Your Choice(1-4)
[main] 2021-08-20 09:16:50 INFO  com.app.Main  - ###   Welcome To Customer Login   ###
[main] 2021-08-20 09:16:50 INFO  com.app.Main  - Enter your mail-->
[main] 2021-08-20 09:16:57 INFO  com.app.Main  - Enter your password-->
[main] 2021-08-20 09:17:11 INFO  com.app.Main  - You are logged in successfully!!
[main] 2021-08-20 09:17:11 INFO  com.app.Main  - Welcome sankar@gmail.com to SHOPPING SPOT
[main] 2021-08-20 09:17:11 INFO  com.app.Main  - 1)Search Products
[main] 2021-08-20 09:17:11 INFO  com.app.Main  - 2)View Order
[main] 2021-08-20 09:17:11 INFO  com.app.Main  - 3)to logout
[main] 2021-08-20 09:17:11 INFO  com.app.Main  - Enter Your Choice(1-3)
[main] 2021-08-20 09:17:23 INFO  com.app.Main  - Welcome to product search  (Choose below filter to search with)
[main] 2021-08-20 09:17:23 INFO  com.app.Main  - 1)Search By Produt Name
[main] 2021-08-20 09:17:23 INFO  com.app.Main  - 2)Search By Prodcut Catagory
[main] 2021-08-20 09:17:23 INFO  com.app.Main  - More options
[main] 2021-08-20 09:17:23 INFO  com.app.Main  - 3)View Cart
[main] 2021-08-20 09:17:23 INFO  com.app.Main  - Enter Your Choice(1-3):
[main] 2021-08-20 09:17:28 INFO  com.app.Main  - Enter Product Catagory to get product details
[main] 2021-08-20 09:17:33 WARN  com.app.Main  - No Products available for product TV
[main] 2021-08-20 09:17:33 INFO  com.app.Main  - 1)Search By Produt Name
[main] 2021-08-20 09:17:33 INFO  com.app.Main  - 2)Search By Prodcut Catagory
[main] 2021-08-20 09:17:33 INFO  com.app.Main  - More options
[main] 2021-08-20 09:17:33 INFO  com.app.Main  - 3)View Cart
[main] 2021-08-20 09:17:33 INFO  com.app.Main  - Enter Your Choice(1-3):
[main] 2021-08-20 09:26:37 INFO  com.app.Main  -     ============================
[main] 2021-08-20 09:26:37 INFO  com.app.Main  - ****||welcome to SHOPPING SPOT||****
[main] 2021-08-20 09:26:37 INFO  com.app.Main  -     ============================
[main] 2021-08-20 09:26:37 INFO  com.app.Main  - 
*****MAIN MENU******
[main] 2021-08-20 09:26:37 INFO  com.app.Main  - 1)Login as customer
[main] 2021-08-20 09:26:37 INFO  com.app.Main  - 2)Register as new Customer
[main] 2021-08-20 09:26:37 INFO  com.app.Main  - 3)Login as employee
[main] 2021-08-20 09:26:37 INFO  com.app.Main  - 4)Exit
[main] 2021-08-20 09:26:37 INFO  com.app.Main  - Enter Your Choice(1-4)
[main] 2021-08-20 09:26:44 INFO  com.app.Main  - ###   Welcome To Customer Login   ###
[main] 2021-08-20 09:26:44 INFO  com.app.Main  - Enter your mail-->
[main] 2021-08-20 09:26:51 INFO  com.app.Main  - Enter your password-->
[main] 2021-08-20 09:26:57 INFO  com.app.Main  - You are logged in successfully!!
[main] 2021-08-20 09:26:57 INFO  com.app.Main  - Welcome sankar@gmail.com to SHOPPING SPOT
[main] 2021-08-20 09:26:57 INFO  com.app.Main  - 1)Search Products
[main] 2021-08-20 09:26:57 INFO  com.app.Main  - 2)View Order
[main] 2021-08-20 09:26:57 INFO  com.app.Main  - 3)to logout
[main] 2021-08-20 09:26:57 INFO  com.app.Main  - Enter Your Choice(1-3)
[main] 2021-08-20 09:27:01 INFO  com.app.Main  - Welcome to product search  (Choose below filter to search with)
[main] 2021-08-20 09:27:01 INFO  com.app.Main  - 1)Search By Produt Name
[main] 2021-08-20 09:27:01 INFO  com.app.Main  - 2)Search By Prodcut Catagory
[main] 2021-08-20 09:27:01 INFO  com.app.Main  - More options
[main] 2021-08-20 09:27:01 INFO  com.app.Main  - 3)View Cart
[main] 2021-08-20 09:27:01 INFO  com.app.Main  - Enter Your Choice(1-3):
[main] 2021-08-20 09:27:18 INFO  com.app.Main  - Enter Product Catagory to get product details
[main] 2021-08-20 09:27:23 WARN  com.app.Main  - No Products available for product TV
[main] 2021-08-20 09:27:23 INFO  com.app.Main  - 1)Search By Produt Name
[main] 2021-08-20 09:27:23 INFO  com.app.Main  - 2)Search By Prodcut Catagory
[main] 2021-08-20 09:27:23 INFO  com.app.Main  - More options
[main] 2021-08-20 09:27:23 INFO  com.app.Main  - 3)View Cart
[main] 2021-08-20 09:27:23 INFO  com.app.Main  - Enter Your Choice(1-3):
[main] 2021-08-20 09:59:45 INFO  com.app.Main  -     ============================
[main] 2021-08-20 09:59:45 INFO  com.app.Main  - ****||welcome to SHOPPING SPOT||****
[main] 2021-08-20 09:59:45 INFO  com.app.Main  -     ============================
[main] 2021-08-20 09:59:45 INFO  com.app.Main  - 
*****MAIN MENU******
[main] 2021-08-20 09:59:45 INFO  com.app.Main  - 1)Login as customer
[main] 2021-08-20 09:59:45 INFO  com.app.Main  - 2)Register as new Customer
[main] 2021-08-20 09:59:45 INFO  com.app.Main  - 3)Login as employee
[main] 2021-08-20 09:59:45 INFO  com.app.Main  - 4)Exit
[main] 2021-08-20 09:59:45 INFO  com.app.Main  - Enter Your Choice(1-4)
[main] 2021-08-20 09:59:50 INFO  com.app.Main  - ###   Welcome To Customer Login   ###
[main] 2021-08-20 09:59:50 INFO  com.app.Main  - Enter your mail-->
[main] 2021-08-20 09:59:59 INFO  com.app.Main  - Enter your password-->
[main] 2021-08-20 10:00:04 INFO  com.app.Main  - You are logged in successfully!!
[main] 2021-08-20 10:00:04 INFO  com.app.Main  - Welcome sankar@gmail.com to SHOPPING SPOT
[main] 2021-08-20 10:00:04 INFO  com.app.Main  - 1)Search Products
[main] 2021-08-20 10:00:04 INFO  com.app.Main  - 2)View Order
[main] 2021-08-20 10:00:04 INFO  com.app.Main  - 3)to logout
[main] 2021-08-20 10:00:04 INFO  com.app.Main  - Enter Your Choice(1-3)
[main] 2021-08-20 10:00:07 INFO  com.app.Main  - Welcome to product search  (Choose below filter to search with)
[main] 2021-08-20 10:00:07 INFO  com.app.Main  - 1)Search By Produt Name
[main] 2021-08-20 10:00:07 INFO  com.app.Main  - 2)Search By Prodcut Catagory
[main] 2021-08-20 10:00:07 INFO  com.app.Main  - More options
[main] 2021-08-20 10:00:07 INFO  com.app.Main  - 3)View Cart
[main] 2021-08-20 10:00:07 INFO  com.app.Main  - Enter Your Choice(1-3):
[main] 2021-08-20 10:00:14 INFO  com.app.Main  - Enter Product Catagory to get product details
[main] 2021-08-20 10:00:17 WARN  com.app.Main  - No Products available for product TV
[main] 2021-08-20 10:00:17 INFO  com.app.Main  - 1)Search By Produt Name
[main] 2021-08-20 10:00:17 INFO  com.app.Main  - 2)Search By Prodcut Catagory
[main] 2021-08-20 10:00:17 INFO  com.app.Main  - More options
[main] 2021-08-20 10:00:17 INFO  com.app.Main  - 3)View Cart
[main] 2021-08-20 10:00:17 INFO  com.app.Main  - Enter Your Choice(1-3):
[main] 2021-08-20 10:34:55 INFO  com.app.Main  -     ============================
[main] 2021-08-20 10:34:55 INFO  com.app.Main  - ****||welcome to SHOPPING SPOT||****
[main] 2021-08-20 10:34:55 INFO  com.app.Main  -     ============================
[main] 2021-08-20 10:34:55 INFO  com.app.Main  - 
*****MAIN MENU******
[main] 2021-08-20 10:34:55 INFO  com.app.Main  - 1)Login as customer
[main] 2021-08-20 10:34:55 INFO  com.app.Main  - 2)Register as new Customer
[main] 2021-08-20 10:34:55 INFO  com.app.Main  - 3)Login as employee
[main] 2021-08-20 10:34:55 INFO  com.app.Main  - 4)Exit
[main] 2021-08-20 10:34:55 INFO  com.app.Main  - Enter Your Choice(1-4)
[main] 2021-08-20 10:35:00 INFO  com.app.Main  - ###   Welcome To Customer Login   ###
[main] 2021-08-20 10:35:00 INFO  com.app.Main  - Enter your mail-->
[main] 2021-08-20 10:35:09 INFO  com.app.Main  - Enter your password-->
[main] 2021-08-20 10:35:16 INFO  com.app.Main  - You are logged in successfully!!
[main] 2021-08-20 10:35:16 INFO  com.app.Main  - Welcome sankar@gmail.com to SHOPPING SPOT
[main] 2021-08-20 10:35:16 INFO  com.app.Main  - 1)Search Products
[main] 2021-08-20 10:35:16 INFO  com.app.Main  - 2)Add Product to Cart
[main] 2021-08-20 10:35:16 INFO  com.app.Main  - 3)View Cart
[main] 2021-08-20 10:35:16 INFO  com.app.Main  - 4)Place an order 
[main] 2021-08-20 10:35:16 INFO  com.app.Main  - 5)View Order 
[main] 2021-08-20 10:35:16 INFO  com.app.Main  - 6)to logout
[main] 2021-08-20 10:35:16 INFO  com.app.Main  - Enter Your Choice(1-4)
[main] 2021-08-20 10:35:34 INFO  com.app.Main  -     ============================
[main] 2021-08-20 10:35:34 INFO  com.app.Main  - ****||welcome to SHOPPING SPOT||****
[main] 2021-08-20 10:35:34 INFO  com.app.Main  -     ============================
[main] 2021-08-20 10:35:34 INFO  com.app.Main  - 
*****MAIN MENU******
[main] 2021-08-20 10:35:34 INFO  com.app.Main  - 1)Login as customer
[main] 2021-08-20 10:35:34 INFO  com.app.Main  - 2)Register as new Customer
[main] 2021-08-20 10:35:34 INFO  com.app.Main  - 3)Login as employee
[main] 2021-08-20 10:35:34 INFO  com.app.Main  - 4)Exit
[main] 2021-08-20 10:35:34 INFO  com.app.Main  - Enter Your Choice(1-4)
[main] 2021-08-20 10:35:37 INFO  com.app.Main  - ###   Welcome To Customer Login   ###
[main] 2021-08-20 10:35:37 INFO  com.app.Main  - Enter your mail-->
[main] 2021-08-20 10:35:45 INFO  com.app.Main  - Enter your password-->
[main] 2021-08-20 10:35:50 INFO  com.app.Main  - You are logged in successfully!!
[main] 2021-08-20 10:35:50 INFO  com.app.Main  - Welcome sankar@gmail.com to SHOPPING SPOT
[main] 2021-08-20 10:35:50 INFO  com.app.Main  - 1)Search Products
[main] 2021-08-20 10:35:50 INFO  com.app.Main  - 2)Add Product to Cart
[main] 2021-08-20 10:35:50 INFO  com.app.Main  - 3)View Cart
[main] 2021-08-20 10:35:50 INFO  com.app.Main  - 4)Place an order 
[main] 2021-08-20 10:35:50 INFO  com.app.Main  - 5)View Order 
[main] 2021-08-20 10:35:50 INFO  com.app.Main  - 6)to logout
[main] 2021-08-20 10:35:50 INFO  com.app.Main  - Enter Your Choice(1-6)
[main] 2021-08-20 10:35:58 INFO  com.app.Main  - You Are Logged Out From SHOPPING SPOT
[main] 2021-08-20 10:35:58 INFO  com.app.Main  - 
*****MAIN MENU******
[main] 2021-08-20 10:35:58 INFO  com.app.Main  - 1)Login as customer
[main] 2021-08-20 10:35:58 INFO  com.app.Main  - 2)Register as new Customer
[main] 2021-08-20 10:35:58 INFO  com.app.Main  - 3)Login as employee
[main] 2021-08-20 10:35:58 INFO  com.app.Main  - 4)Exit
[main] 2021-08-20 10:35:58 INFO  com.app.Main  - Enter Your Choice(1-4)
[main] 2021-08-20 10:36:01 INFO  com.app.Main  - ###   Welcome To Customer Login   ###
[main] 2021-08-20 10:36:01 INFO  com.app.Main  - Enter your mail-->
[main] 2021-08-20 10:36:10 INFO  com.app.Main  - Enter your password-->
[main] 2021-08-20 10:36:17 INFO  com.app.Main  - You are logged in successfully!!
[main] 2021-08-20 10:36:17 INFO  com.app.Main  - Welcome sankar@gmail.com to SHOPPING SPOT
[main] 2021-08-20 10:36:17 INFO  com.app.Main  - 1)Search Products
[main] 2021-08-20 10:36:17 INFO  com.app.Main  - 2)Add Product to Cart
[main] 2021-08-20 10:36:17 INFO  com.app.Main  - 3)View Cart
[main] 2021-08-20 10:36:17 INFO  com.app.Main  - 4)Place an order 
[main] 2021-08-20 10:36:17 INFO  com.app.Main  - 5)View Order 
[main] 2021-08-20 10:36:17 INFO  com.app.Main  - 6)to logout
[main] 2021-08-20 10:36:17 INFO  com.app.Main  - Enter Your Choice(1-6)
[main] 2021-08-20 10:36:31 INFO  com.app.Main  - Under Construction
[main] 2021-08-20 10:36:31 INFO  com.app.Main  - 1)Search Products
[main] 2021-08-20 10:36:31 INFO  com.app.Main  - 2)Add Product to Cart
[main] 2021-08-20 10:36:31 INFO  com.app.Main  - 3)View Cart
[main] 2021-08-20 10:36:31 INFO  com.app.Main  - 4)Place an order 
[main] 2021-08-20 10:36:31 INFO  com.app.Main  - 5)View Order 
[main] 2021-08-20 10:36:31 INFO  com.app.Main  - 6)to logout
[main] 2021-08-20 10:36:31 INFO  com.app.Main  - Enter Your Choice(1-6)
[main] 2021-08-20 10:36:41 INFO  com.app.Main  - Welcome to product search  (Choose below filter to search with)
[main] 2021-08-20 10:36:41 INFO  com.app.Main  - 1)Search By Produt Name
[main] 2021-08-20 10:36:41 INFO  com.app.Main  - 2)Search By Prodcut Catagory
[main] 2021-08-20 10:36:41 INFO  com.app.Main  - Enter Your Choice(1-2):
[main] 2021-08-20 10:36:44 INFO  com.app.Main  - Enter Product Catagory to get product details
[main] 2021-08-20 10:36:48 WARN  com.app.Main  - No Products available for product TV
[main] 2021-08-20 10:36:48 INFO  com.app.Main  - 1)Search Products
[main] 2021-08-20 10:36:48 INFO  com.app.Main  - 2)Add Product to Cart
[main] 2021-08-20 10:36:48 INFO  com.app.Main  - 3)View Cart
[main] 2021-08-20 10:36:48 INFO  com.app.Main  - 4)Place an order 
[main] 2021-08-20 10:36:48 INFO  com.app.Main  - 5)View Order 
[main] 2021-08-20 10:36:48 INFO  com.app.Main  - 6)to logout
[main] 2021-08-20 10:36:48 INFO  com.app.Main  - Enter Your Choice(1-6)
[main] 2021-08-20 10:51:40 INFO  com.app.Main  -     ============================
[main] 2021-08-20 10:51:40 INFO  com.app.Main  - ****||welcome to SHOPPING SPOT||****
[main] 2021-08-20 10:51:40 INFO  com.app.Main  -     ============================
[main] 2021-08-20 10:51:40 INFO  com.app.Main  - 
*****MAIN MENU******
[main] 2021-08-20 10:51:40 INFO  com.app.Main  - 1)Login as customer
[main] 2021-08-20 10:51:40 INFO  com.app.Main  - 2)Register as new Customer
[main] 2021-08-20 10:51:40 INFO  com.app.Main  - 3)Login as employee
[main] 2021-08-20 10:51:40 INFO  com.app.Main  - 4)Exit
[main] 2021-08-20 10:51:40 INFO  com.app.Main  - Enter Your Choice(1-4)
[main] 2021-08-20 10:51:51 INFO  com.app.Main  - ###   Welcome To Customer Login   ###
[main] 2021-08-20 10:51:51 INFO  com.app.Main  - Enter your mail-->
[main] 2021-08-20 10:51:57 INFO  com.app.Main  - Enter your password-->
[main] 2021-08-20 10:52:04 INFO  com.app.Main  - You are logged in successfully!!
[main] 2021-08-20 10:52:04 INFO  com.app.Main  - Welcome sankar@gmail.com to SHOPPING SPOT
[main] 2021-08-20 10:52:04 INFO  com.app.Main  - 1)Search Products
[main] 2021-08-20 10:52:04 INFO  com.app.Main  - 2)Add Product to Cart
[main] 2021-08-20 10:52:04 INFO  com.app.Main  - 3)View Cart
[main] 2021-08-20 10:52:04 INFO  com.app.Main  - 4)Place an order 
[main] 2021-08-20 10:52:04 INFO  com.app.Main  - 5)View Order 
[main] 2021-08-20 10:52:04 INFO  com.app.Main  - 6)to logout
[main] 2021-08-20 10:52:04 INFO  com.app.Main  - Enter Your Choice(1-6)
[main] 2021-08-20 10:52:09 INFO  com.app.Main  - Welcome to product search  (Choose below filter to search with)
[main] 2021-08-20 10:52:09 INFO  com.app.Main  - 1)Search By Produt Name
[main] 2021-08-20 10:52:09 INFO  com.app.Main  - 2)Search By Prodcut Catagory
[main] 2021-08-20 10:52:09 INFO  com.app.Main  - Enter Your Choice(1-2):
[main] 2021-08-20 10:52:17 INFO  com.app.Main  - Enter Product Name to get product details
[main] 2021-08-20 10:52:25 INFO  com.app.Main  - Total there are 1 number of products available for the product SAMSUNGTV printing the products
[main] 2021-08-20 10:52:25 INFO  com.app.Main  - 
[main] 2021-08-20 10:52:25 INFO  com.app.Main  - 1)Search By Produt Name
[main] 2021-08-20 10:52:25 INFO  com.app.Main  - 2)Search By Prodcut Catagory
[main] 2021-08-20 10:52:25 INFO  com.app.Main  - Enter Your Choice(1-2):
[main] 2021-08-20 10:53:24 INFO  com.app.Main  -     ============================
[main] 2021-08-20 10:53:24 INFO  com.app.Main  - ****||welcome to SHOPPING SPOT||****
[main] 2021-08-20 10:53:24 INFO  com.app.Main  -     ============================
[main] 2021-08-20 10:53:24 INFO  com.app.Main  - 
*****MAIN MENU******
[main] 2021-08-20 10:53:24 INFO  com.app.Main  - 1)Login as customer
[main] 2021-08-20 10:53:24 INFO  com.app.Main  - 2)Register as new Customer
[main] 2021-08-20 10:53:24 INFO  com.app.Main  - 3)Login as employee
[main] 2021-08-20 10:53:24 INFO  com.app.Main  - 4)Exit
[main] 2021-08-20 10:53:24 INFO  com.app.Main  - Enter Your Choice(1-4)
[main] 2021-08-20 10:53:27 INFO  com.app.Main  - ###   Welcome To Customer Login   ###
[main] 2021-08-20 10:53:27 INFO  com.app.Main  - Enter your mail-->
[main] 2021-08-20 10:53:39 INFO  com.app.Main  - Enter your password-->
[main] 2021-08-20 10:53:45 INFO  com.app.Main  - You are logged in successfully!!
[main] 2021-08-20 10:53:45 INFO  com.app.Main  - Welcome sankar@gmail.com to SHOPPING SPOT
[main] 2021-08-20 10:53:45 INFO  com.app.Main  - 1)Search Products
[main] 2021-08-20 10:53:45 INFO  com.app.Main  - 2)Add Product to Cart
[main] 2021-08-20 10:53:45 INFO  com.app.Main  - 3)View Cart
[main] 2021-08-20 10:53:45 INFO  com.app.Main  - 4)Place an order 
[main] 2021-08-20 10:53:45 INFO  com.app.Main  - 5)View Order 
[main] 2021-08-20 10:53:45 INFO  com.app.Main  - 6)to logout
[main] 2021-08-20 10:53:45 INFO  com.app.Main  - Enter Your Choice(1-6)
[main] 2021-08-20 10:54:16 INFO  com.app.Main  - Welcome to product search  (Choose below filter to search with)
[main] 2021-08-20 10:54:16 INFO  com.app.Main  - 1)Search By Produt Name
[main] 2021-08-20 10:54:16 INFO  com.app.Main  - 2)Search By Prodcut Catagory
[main] 2021-08-20 10:54:16 INFO  com.app.Main  - Enter Your Choice(1-2):
[main] 2021-08-20 10:54:19 INFO  com.app.Main  - Enter Product Name to get product details
[main] 2021-08-20 10:54:29 INFO  com.app.Main  - Total there are 1 number of products available for the product SAMSUNGTV printing the products
[main] 2021-08-20 10:54:29 INFO  com.app.Main  - 1)Search By Produt Name
[main] 2021-08-20 10:54:29 INFO  com.app.Main  - 2)Search By Prodcut Catagory
[main] 2021-08-20 10:54:29 INFO  com.app.Main  - Enter Your Choice(1-2):
[main] 2021-08-20 10:58:23 INFO  com.app.Main  -     ============================
[main] 2021-08-20 10:58:23 INFO  com.app.Main  -     |							 |
[main] 2021-08-20 10:58:23 INFO  com.app.Main  - ****| WELCOME TO SHOPPING SPOT |****
[main] 2021-08-20 10:58:23 INFO  com.app.Main  -     |							 |
[main] 2021-08-20 10:58:23 INFO  com.app.Main  -     ============================
[main] 2021-08-20 10:58:23 INFO  com.app.Main  - 
*****MAIN MENU******
[main] 2021-08-20 10:58:23 INFO  com.app.Main  - 1)Login as customer
[main] 2021-08-20 10:58:23 INFO  com.app.Main  - 2)Register as new Customer
[main] 2021-08-20 10:58:23 INFO  com.app.Main  - 3)Login as employee
[main] 2021-08-20 10:58:23 INFO  com.app.Main  - 4)Exit
[main] 2021-08-20 10:58:23 INFO  com.app.Main  - Enter Your Choice(1-4)
[main] 2021-08-20 10:59:44 INFO  com.app.Main  -     ============================    
[main] 2021-08-20 10:59:44 INFO  com.app.Main  -     |							 |    
[main] 2021-08-20 10:59:44 INFO  com.app.Main  - ****| WELCOME TO SHOPPING SPOT |****
[main] 2021-08-20 10:59:44 INFO  com.app.Main  -     |							 |    
[main] 2021-08-20 10:59:44 INFO  com.app.Main  -     ============================    
[main] 2021-08-20 10:59:44 INFO  com.app.Main  - 
*****MAIN MENU******
[main] 2021-08-20 10:59:44 INFO  com.app.Main  - 1)Login as customer
[main] 2021-08-20 10:59:44 INFO  com.app.Main  - 2)Register as new Customer
[main] 2021-08-20 10:59:44 INFO  com.app.Main  - 3)Login as employee
[main] 2021-08-20 10:59:44 INFO  com.app.Main  - 4)Exit
[main] 2021-08-20 10:59:44 INFO  com.app.Main  - Enter Your Choice(1-4)
[main] 2021-08-20 11:00:13 INFO  com.app.Main  -     ============================    
[main] 2021-08-20 11:00:13 INFO  com.app.Main  - ****| WELCOME TO SHOPPING SPOT |****
[main] 2021-08-20 11:00:13 INFO  com.app.Main  -     ============================    
[main] 2021-08-20 11:00:13 INFO  com.app.Main  - 
*****MAIN MENU******
[main] 2021-08-20 11:00:13 INFO  com.app.Main  - 1)Login as customer
[main] 2021-08-20 11:00:13 INFO  com.app.Main  - 2)Register as new Customer
[main] 2021-08-20 11:00:13 INFO  com.app.Main  - 3)Login as employee
[main] 2021-08-20 11:00:13 INFO  com.app.Main  - 4)Exit
[main] 2021-08-20 11:00:13 INFO  com.app.Main  - Enter Your Choice(1-4)
[main] 2021-08-20 11:44:26 INFO  com.app.Main  -     ============================    
[main] 2021-08-20 11:44:26 INFO  com.app.Main  - ****| WELCOME TO SHOPPING SPOT |****
[main] 2021-08-20 11:44:26 INFO  com.app.Main  -     ============================    
[main] 2021-08-20 11:44:26 INFO  com.app.Main  - 
*****MAIN MENU******
[main] 2021-08-20 11:44:26 INFO  com.app.Main  - 1)Login as customer
[main] 2021-08-20 11:44:26 INFO  com.app.Main  - 2)Register as new Customer
[main] 2021-08-20 11:44:26 INFO  com.app.Main  - 3)Login as employee
[main] 2021-08-20 11:44:26 INFO  com.app.Main  - 4)Exit
[main] 2021-08-20 11:44:26 INFO  com.app.Main  - Enter Your Choice(1-4)
[main] 2021-08-20 11:44:31 INFO  com.app.Main  - ###   Welcome To Customer Login   ###
[main] 2021-08-20 11:44:31 INFO  com.app.Main  - Enter your mail-->
[main] 2021-08-20 11:44:37 INFO  com.app.Main  - Enter your password-->
[main] 2021-08-20 11:44:43 INFO  com.app.Main  - You are logged in successfully!!
[main] 2021-08-20 11:44:43 INFO  com.app.Main  - Welcome sankar@gmail.com to SHOPPING SPOT
[main] 2021-08-20 11:44:43 INFO  com.app.Main  - 1)Search Products
[main] 2021-08-20 11:44:43 INFO  com.app.Main  - 2)Add Product to Cart
[main] 2021-08-20 11:44:43 INFO  com.app.Main  - 3)View Cart
[main] 2021-08-20 11:44:43 INFO  com.app.Main  - 4)Place an order 
[main] 2021-08-20 11:44:43 INFO  com.app.Main  - 5)View Order 
[main] 2021-08-20 11:44:43 INFO  com.app.Main  - 6)to logout
[main] 2021-08-20 11:44:43 INFO  com.app.Main  - Enter Your Choice(1-6)
[main] 2021-08-20 11:44:48 INFO  com.app.Main  - Welcome to product search  (Choose below filter to search with)
[main] 2021-08-20 11:44:48 INFO  com.app.Main  - 1)Search By Produt Name
[main] 2021-08-20 11:44:48 INFO  com.app.Main  - 2)Search By Prodcut Catagory
[main] 2021-08-20 11:44:48 INFO  com.app.Main  - Enter Your Choice(1-2):
[main] 2021-08-20 11:44:54 INFO  com.app.Main  - Enter Product Catagory to get product details
[main] 2021-08-20 11:44:58 WARN  com.app.Main  - No Products available for product TV
[main] 2021-08-20 11:44:58 INFO  com.app.Main  - 1)Search Products
[main] 2021-08-20 11:44:58 INFO  com.app.Main  - 2)Add Product to Cart
[main] 2021-08-20 11:44:58 INFO  com.app.Main  - 3)View Cart
[main] 2021-08-20 11:44:58 INFO  com.app.Main  - 4)Place an order 
[main] 2021-08-20 11:44:58 INFO  com.app.Main  - 5)View Order 
[main] 2021-08-20 11:44:58 INFO  com.app.Main  - 6)to logout
[main] 2021-08-20 11:44:58 INFO  com.app.Main  - Enter Your Choice(1-6)
[main] 2021-08-20 11:48:08 INFO  com.app.Main  -     ============================    
[main] 2021-08-20 11:48:08 INFO  com.app.Main  - ****| WELCOME TO SHOPPING SPOT |****
[main] 2021-08-20 11:48:08 INFO  com.app.Main  -     ============================    
[main] 2021-08-20 11:48:08 INFO  com.app.Main  - 
*****MAIN MENU******
[main] 2021-08-20 11:48:08 INFO  com.app.Main  - 1)Login as customer
[main] 2021-08-20 11:48:08 INFO  com.app.Main  - 2)Register as new Customer
[main] 2021-08-20 11:48:08 INFO  com.app.Main  - 3)Login as employee
[main] 2021-08-20 11:48:08 INFO  com.app.Main  - 4)Exit
[main] 2021-08-20 11:48:08 INFO  com.app.Main  - Enter Your Choice(1-4)
[main] 2021-08-20 11:48:11 INFO  com.app.Main  - ###   Welcome To Customer Login   ###
[main] 2021-08-20 11:48:11 INFO  com.app.Main  - Enter your mail-->
[main] 2021-08-20 11:48:17 INFO  com.app.Main  - Enter your password-->
[main] 2021-08-20 11:48:21 INFO  com.app.Main  - You are logged in successfully!!
[main] 2021-08-20 11:48:21 INFO  com.app.Main  - Welcome sankar@gmail.com to SHOPPING SPOT
[main] 2021-08-20 11:48:21 INFO  com.app.Main  - 1)Search Products
[main] 2021-08-20 11:48:21 INFO  com.app.Main  - 2)Add Product to Cart
[main] 2021-08-20 11:48:21 INFO  com.app.Main  - 3)View Cart
[main] 2021-08-20 11:48:21 INFO  com.app.Main  - 4)Place an order 
[main] 2021-08-20 11:48:21 INFO  com.app.Main  - 5)View Order 
[main] 2021-08-20 11:48:21 INFO  com.app.Main  - 6)to logout
[main] 2021-08-20 11:48:21 INFO  com.app.Main  - Enter Your Choice(1-6)
[main] 2021-08-20 11:48:24 INFO  com.app.Main  - Welcome to product search  (Choose below filter to search with)
[main] 2021-08-20 11:48:24 INFO  com.app.Main  - 1)Search By Produt Name
[main] 2021-08-20 11:48:24 INFO  com.app.Main  - 2)Search By Prodcut Catagory
[main] 2021-08-20 11:48:24 INFO  com.app.Main  - Enter Your Choice(1-2):
[main] 2021-08-20 11:48:26 INFO  com.app.Main  - Enter Product Catagory to get product details
[main] 2021-08-20 11:48:29 WARN  com.app.Main  - No Products available for product TV
[main] 2021-08-20 11:48:29 INFO  com.app.Main  - 1)Search Products
[main] 2021-08-20 11:48:29 INFO  com.app.Main  - 2)Add Product to Cart
[main] 2021-08-20 11:48:29 INFO  com.app.Main  - 3)View Cart
[main] 2021-08-20 11:48:29 INFO  com.app.Main  - 4)Place an order 
[main] 2021-08-20 11:48:29 INFO  com.app.Main  - 5)View Order 
[main] 2021-08-20 11:48:29 INFO  com.app.Main  - 6)to logout
[main] 2021-08-20 11:48:29 INFO  com.app.Main  - Enter Your Choice(1-6)
[main] 2021-08-20 11:49:49 INFO  com.app.Main  -     ============================    
[main] 2021-08-20 11:49:49 INFO  com.app.Main  - ****| WELCOME TO SHOPPING SPOT |****
[main] 2021-08-20 11:49:49 INFO  com.app.Main  -     ============================    
[main] 2021-08-20 11:49:49 INFO  com.app.Main  - 
*****MAIN MENU******
[main] 2021-08-20 11:49:49 INFO  com.app.Main  - 1)Login as customer
[main] 2021-08-20 11:49:49 INFO  com.app.Main  - 2)Register as new Customer
[main] 2021-08-20 11:49:49 INFO  com.app.Main  - 3)Login as employee
[main] 2021-08-20 11:49:49 INFO  com.app.Main  - 4)Exit
[main] 2021-08-20 11:49:49 INFO  com.app.Main  - Enter Your Choice(1-4)
[main] 2021-08-20 11:49:54 INFO  com.app.Main  - ###   Welcome To Customer Login   ###
[main] 2021-08-20 11:49:54 INFO  com.app.Main  - Enter your mail-->
[main] 2021-08-20 11:50:13 INFO  com.app.Main  -     ============================    
[main] 2021-08-20 11:50:13 INFO  com.app.Main  - ****| WELCOME TO SHOPPING SPOT |****
[main] 2021-08-20 11:50:13 INFO  com.app.Main  -     ============================    
[main] 2021-08-20 11:50:13 INFO  com.app.Main  - 
*****MAIN MENU******
[main] 2021-08-20 11:50:13 INFO  com.app.Main  - 1)Login as customer
[main] 2021-08-20 11:50:13 INFO  com.app.Main  - 2)Register as new Customer
[main] 2021-08-20 11:50:13 INFO  com.app.Main  - 3)Login as employee
[main] 2021-08-20 11:50:13 INFO  com.app.Main  - 4)Exit
[main] 2021-08-20 11:50:13 INFO  com.app.Main  - Enter Your Choice(1-4)
[main] 2021-08-20 11:50:15 INFO  com.app.Main  - ###   Welcome To Customer Login   ###
[main] 2021-08-20 11:50:15 INFO  com.app.Main  - Enter your mail-->
[main] 2021-08-20 11:50:23 INFO  com.app.Main  - Enter your password-->
[main] 2021-08-20 11:50:29 INFO  com.app.Main  - You are logged in successfully!!
[main] 2021-08-20 11:50:29 INFO  com.app.Main  - Welcome sankar@gmail.com to SHOPPING SPOT
[main] 2021-08-20 11:50:29 INFO  com.app.Main  - 1)Search Products
[main] 2021-08-20 11:50:29 INFO  com.app.Main  - 2)Add Product to Cart
[main] 2021-08-20 11:50:29 INFO  com.app.Main  - 3)View Cart
[main] 2021-08-20 11:50:29 INFO  com.app.Main  - 4)Place an order 
[main] 2021-08-20 11:50:29 INFO  com.app.Main  - 5)View Order 
[main] 2021-08-20 11:50:29 INFO  com.app.Main  - 6)to logout
[main] 2021-08-20 11:50:29 INFO  com.app.Main  - Enter Your Choice(1-6)
[main] 2021-08-20 11:50:31 INFO  com.app.Main  - Welcome to product search  (Choose below filter to search with)
[main] 2021-08-20 11:50:31 INFO  com.app.Main  - 1)Search By Produt Name
[main] 2021-08-20 11:50:31 INFO  com.app.Main  - 2)Search By Prodcut Catagory
[main] 2021-08-20 11:50:31 INFO  com.app.Main  - Enter Your Choice(1-2):
[main] 2021-08-20 11:50:33 INFO  com.app.Main  - Enter Product Catagory to get product details
[main] 2021-08-20 11:50:38 WARN  com.app.Main  - No Products available for product TV
[main] 2021-08-20 11:50:38 INFO  com.app.Main  - 1)Search Products
[main] 2021-08-20 11:50:38 INFO  com.app.Main  - 2)Add Product to Cart
[main] 2021-08-20 11:50:38 INFO  com.app.Main  - 3)View Cart
[main] 2021-08-20 11:50:38 INFO  com.app.Main  - 4)Place an order 
[main] 2021-08-20 11:50:38 INFO  com.app.Main  - 5)View Order 
[main] 2021-08-20 11:50:38 INFO  com.app.Main  - 6)to logout
[main] 2021-08-20 11:50:38 INFO  com.app.Main  - Enter Your Choice(1-6)
[main] 2021-08-20 11:52:51 INFO  com.app.Main  -     ============================    
[main] 2021-08-20 11:52:51 INFO  com.app.Main  - ****| WELCOME TO SHOPPING SPOT |****
[main] 2021-08-20 11:52:51 INFO  com.app.Main  -     ============================    
[main] 2021-08-20 11:52:51 INFO  com.app.Main  - 
*****MAIN MENU******
[main] 2021-08-20 11:52:51 INFO  com.app.Main  - 1)Login as customer
[main] 2021-08-20 11:52:51 INFO  com.app.Main  - 2)Register as new Customer
[main] 2021-08-20 11:52:51 INFO  com.app.Main  - 3)Login as employee
[main] 2021-08-20 11:52:51 INFO  com.app.Main  - 4)Exit
[main] 2021-08-20 11:52:51 INFO  com.app.Main  - Enter Your Choice(1-4)
[main] 2021-08-20 11:52:53 INFO  com.app.Main  - ###   Welcome To Customer Login   ###
[main] 2021-08-20 11:52:53 INFO  com.app.Main  - Enter your mail-->
[main] 2021-08-20 11:53:00 INFO  com.app.Main  - Enter your password-->
[main] 2021-08-20 11:53:09 INFO  com.app.Main  - You are logged in successfully!!
[main] 2021-08-20 11:53:09 INFO  com.app.Main  - Welcome sankar@gmail.com to SHOPPING SPOT
[main] 2021-08-20 11:53:09 INFO  com.app.Main  - 1)Search Products
[main] 2021-08-20 11:53:09 INFO  com.app.Main  - 2)Add Product to Cart
[main] 2021-08-20 11:53:09 INFO  com.app.Main  - 3)View Cart
[main] 2021-08-20 11:53:09 INFO  com.app.Main  - 4)Place an order 
[main] 2021-08-20 11:53:09 INFO  com.app.Main  - 5)View Order 
[main] 2021-08-20 11:53:09 INFO  com.app.Main  - 6)to logout
[main] 2021-08-20 11:53:09 INFO  com.app.Main  - Enter Your Choice(1-6)
[main] 2021-08-20 11:53:19 INFO  com.app.Main  - Welcome to product search  (Choose below filter to search with)
[main] 2021-08-20 11:53:19 INFO  com.app.Main  - 1)Search By Produt Name
[main] 2021-08-20 11:53:19 INFO  com.app.Main  - 2)Search By Prodcut Catagory
[main] 2021-08-20 11:53:19 INFO  com.app.Main  - Enter Your Choice(1-2):
[main] 2021-08-20 11:53:21 INFO  com.app.Main  - Enter Product Catagory to get product details
[main] 2021-08-20 11:53:24 INFO  com.app.Main  - Total there are 3 number of products available for the product TV printing the products
[main] 2021-08-20 11:53:24 INFO  com.app.Main  - 1)Search Products
[main] 2021-08-20 11:53:24 INFO  com.app.Main  - 2)Add Product to Cart
[main] 2021-08-20 11:53:24 INFO  com.app.Main  - 3)View Cart
[main] 2021-08-20 11:53:24 INFO  com.app.Main  - 4)Place an order 
[main] 2021-08-20 11:53:24 INFO  com.app.Main  - 5)View Order 
[main] 2021-08-20 11:53:24 INFO  com.app.Main  - 6)to logout
[main] 2021-08-20 11:53:24 INFO  com.app.Main  - Enter Your Choice(1-6)
[main] 2021-08-20 11:55:27 INFO  com.app.Main  -     ============================    
[main] 2021-08-20 11:55:27 INFO  com.app.Main  - ****| WELCOME TO SHOPPING SPOT |****
[main] 2021-08-20 11:55:27 INFO  com.app.Main  -     ============================    
[main] 2021-08-20 11:55:27 INFO  com.app.Main  - 
*****MAIN MENU******
[main] 2021-08-20 11:55:27 INFO  com.app.Main  - 1)Login as customer
[main] 2021-08-20 11:55:27 INFO  com.app.Main  - 2)Register as new Customer
[main] 2021-08-20 11:55:27 INFO  com.app.Main  - 3)Login as employee
[main] 2021-08-20 11:55:27 INFO  com.app.Main  - 4)Exit
[main] 2021-08-20 11:55:27 INFO  com.app.Main  - Enter Your Choice(1-4)
[main] 2021-08-20 11:55:31 INFO  com.app.Main  - ###   Welcome To Customer Login   ###
[main] 2021-08-20 11:55:31 INFO  com.app.Main  - Enter your mail-->
[main] 2021-08-20 11:55:39 INFO  com.app.Main  - Enter your password-->
[main] 2021-08-20 11:55:49 INFO  com.app.Main  - You are logged in successfully!!
[main] 2021-08-20 11:55:49 INFO  com.app.Main  - Welcome sankar@gmail.com to SHOPPING SPOT
[main] 2021-08-20 11:55:49 INFO  com.app.Main  - 1)Search Products
[main] 2021-08-20 11:55:49 INFO  com.app.Main  - 2)Add Product to Cart
[main] 2021-08-20 11:55:49 INFO  com.app.Main  - 3)View Cart
[main] 2021-08-20 11:55:49 INFO  com.app.Main  - 4)Place an order 
[main] 2021-08-20 11:55:49 INFO  com.app.Main  - 5)View Order 
[main] 2021-08-20 11:55:49 INFO  com.app.Main  - 6)to logout
[main] 2021-08-20 11:55:49 INFO  com.app.Main  - Enter Your Choice(1-6)
[main] 2021-08-20 11:56:12 INFO  com.app.Main  - Welcome to product search  (Choose below filter to search with)
[main] 2021-08-20 11:56:12 INFO  com.app.Main  - 1)Search By Produt Name
[main] 2021-08-20 11:56:12 INFO  com.app.Main  - 2)Search By Prodcut Catagory
[main] 2021-08-20 11:56:12 INFO  com.app.Main  - Enter Your Choice(1-2):
[main] 2021-08-20 11:56:14 INFO  com.app.Main  - Enter Product Name to get product details
[main] 2021-08-20 11:56:20 INFO  com.app.Main  - Total there are 1 number of products available for the product SAMSUNGTV printing the products
[main] 2021-08-20 11:56:20 INFO  com.app.Main  - Product [prod_id=200, productName=SamsungTV, productCatagory=TV, productPrice=5600.0]
[main] 2021-08-20 11:56:20 INFO  com.app.Main  - 1)Search By Produt Name
[main] 2021-08-20 11:56:20 INFO  com.app.Main  - 2)Search By Prodcut Catagory
[main] 2021-08-20 11:56:20 INFO  com.app.Main  - Enter Your Choice(1-2):
[main] 2021-08-20 11:56:41 INFO  com.app.Main  - Enter Product Catagory to get product details
[main] 2021-08-20 11:56:43 INFO  com.app.Main  - Total there are 3 number of products available for the product TV printing the products
[main] 2021-08-20 11:56:43 INFO  com.app.Main  - Product [prod_id=200, productName=SamsungTV, productCatagory=TV, productPrice=5600.0]
[main] 2021-08-20 11:56:43 INFO  com.app.Main  - Product [prod_id=201, productName=PhilipsTV, productCatagory=TV, productPrice=3600.0]
[main] 2021-08-20 11:56:43 INFO  com.app.Main  - Product [prod_id=202, productName=RealmeTV, productCatagory=TV, productPrice=4500.0]
[main] 2021-08-20 11:56:43 INFO  com.app.Main  - 1)Search Products
[main] 2021-08-20 11:56:43 INFO  com.app.Main  - 2)Add Product to Cart
[main] 2021-08-20 11:56:43 INFO  com.app.Main  - 3)View Cart
[main] 2021-08-20 11:56:43 INFO  com.app.Main  - 4)Place an order 
[main] 2021-08-20 11:56:43 INFO  com.app.Main  - 5)View Order 
[main] 2021-08-20 11:56:43 INFO  com.app.Main  - 6)to logout
[main] 2021-08-20 11:56:43 INFO  com.app.Main  - Enter Your Choice(1-6)
